SF:/home/runner/work/coderef/coderef/crates/coderef-cli/src/main.rs
FN:387,_RNCNvCsals8qWJ4N0u_7coderef10cmd_doctor0B3_
FN:952,_RNCNvCsals8qWJ4N0u_7coderef11cmd_changes0B3_
FN:1027,_RNCNvCsals8qWJ4N0u_7coderef11cmd_changess0_0B3_
FN:954,_RNCNvCsals8qWJ4N0u_7coderef11cmd_changess_0B3_
FN:1145,_RNCNvCsals8qWJ4N0u_7coderef11cmd_explain0B3_
FN:665,_RNCNvCsals8qWJ4N0u_7coderef12cmd_patterns0B3_
FN:536,_RNCNvCsals8qWJ4N0u_7coderef12indent_block0B3_
FN:799,_RNCNvCsals8qWJ4N0u_7coderef14cmd_commit_msg0B3_
FN:485,_RNCNvCsals8qWJ4N0u_7coderef17print_doctor_text0B3_
FN:1319,_RNCNvCsals8qWJ4N0u_7coderef17resolved_category0B3_
FN:1079,_RNCNvCsals8qWJ4N0u_7coderef18print_changes_text0B3_
FN:1200,_RNCNvCsals8qWJ4N0u_7coderef18print_explain_text0B3_
FN:463,_RNCNvCsals8qWJ4N0u_7coderef20gather_commit_corpus0B3_
FN:464,_RNCNvCsals8qWJ4N0u_7coderef20gather_commit_corpuss_0B3_
FN:875,_RNCNvCsals8qWJ4N0u_7coderef21print_commit_msg_text0B3_
FN:1282,_RNCNvCsals8qWJ4N0u_7coderef26print_patterns_by_category0B3_
FN:130,_RNCNvCsals8qWJ4N0u_7coderef8cmd_list0B3_
FN:243,_RNCNvCsals8qWJ4N0u_7coderef9cmd_check0B3_
FN:342,_RNvCsals8qWJ4N0u_7coderef10cmd_doctor
FN:541,_RNvCsals8qWJ4N0u_7coderef10print_help
FN:899,_RNvCsals8qWJ4N0u_7coderef11cmd_changes
FN:1096,_RNvCsals8qWJ4N0u_7coderef11cmd_explain
FN:613,_RNvCsals8qWJ4N0u_7coderef12cmd_patterns
FN:534,_RNvCsals8qWJ4N0u_7coderef12indent_block
FN:727,_RNvCsals8qWJ4N0u_7coderef14cmd_commit_msg
FN:60,_RNvCsals8qWJ4N0u_7coderef15cmd_config_show
FN:469,_RNvCsals8qWJ4N0u_7coderef17print_doctor_text
FN:290,_RNvCsals8qWJ4N0u_7coderef17print_text_report
FN:1316,_RNvCsals8qWJ4N0u_7coderef17resolved_category
FN:1054,_RNvCsals8qWJ4N0u_7coderef18print_changes_text
FN:1174,_RNvCsals8qWJ4N0u_7coderef18print_explain_text
FN:448,_RNvCsals8qWJ4N0u_7coderef20gather_commit_corpus
FN:1322,_RNvCsals8qWJ4N0u_7coderef20print_pattern_detail
FN:835,_RNvCsals8qWJ4N0u_7coderef21print_commit_msg_text
FN:1242,_RNvCsals8qWJ4N0u_7coderef22print_patterns_summary
FN:1267,_RNvCsals8qWJ4N0u_7coderef26print_patterns_by_category
FN:19,_RNvCsals8qWJ4N0u_7coderef4main
FN:553,_RNvCsals8qWJ4N0u_7coderef8cmd_help
FN:96,_RNvCsals8qWJ4N0u_7coderef8cmd_list
FN:180,_RNvCsals8qWJ4N0u_7coderef9cmd_check
FNDA:0,_RNCNvCsals8qWJ4N0u_7coderef10cmd_doctor0B3_
FNDA:0,_RNCNvCsals8qWJ4N0u_7coderef11cmd_changes0B3_
FNDA:0,_RNCNvCsals8qWJ4N0u_7coderef11cmd_changess0_0B3_
FNDA:0,_RNCNvCsals8qWJ4N0u_7coderef11cmd_changess_0B3_
FNDA:0,_RNCNvCsals8qWJ4N0u_7coderef11cmd_explain0B3_
FNDA:0,_RNCNvCsals8qWJ4N0u_7coderef12cmd_patterns0B3_
FNDA:0,_RNCNvCsals8qWJ4N0u_7coderef12indent_block0B3_
FNDA:0,_RNCNvCsals8qWJ4N0u_7coderef14cmd_commit_msg0B3_
FNDA:0,_RNCNvCsals8qWJ4N0u_7coderef17print_doctor_text0B3_
FNDA:0,_RNCNvCsals8qWJ4N0u_7coderef17resolved_category0B3_
FNDA:0,_RNCNvCsals8qWJ4N0u_7coderef18print_changes_text0B3_
FNDA:0,_RNCNvCsals8qWJ4N0u_7coderef18print_explain_text0B3_
FNDA:0,_RNCNvCsals8qWJ4N0u_7coderef20gather_commit_corpus0B3_
FNDA:0,_RNCNvCsals8qWJ4N0u_7coderef20gather_commit_corpuss_0B3_
FNDA:0,_RNCNvCsals8qWJ4N0u_7coderef21print_commit_msg_text0B3_
FNDA:0,_RNCNvCsals8qWJ4N0u_7coderef26print_patterns_by_category0B3_
FNDA:0,_RNCNvCsals8qWJ4N0u_7coderef8cmd_list0B3_
FNDA:0,_RNCNvCsals8qWJ4N0u_7coderef9cmd_check0B3_
FNDA:0,_RNvCsals8qWJ4N0u_7coderef10cmd_doctor
FNDA:0,_RNvCsals8qWJ4N0u_7coderef10print_help
FNDA:0,_RNvCsals8qWJ4N0u_7coderef11cmd_changes
FNDA:0,_RNvCsals8qWJ4N0u_7coderef11cmd_explain
FNDA:0,_RNvCsals8qWJ4N0u_7coderef12cmd_patterns
FNDA:0,_RNvCsals8qWJ4N0u_7coderef12indent_block
FNDA:0,_RNvCsals8qWJ4N0u_7coderef14cmd_commit_msg
FNDA:0,_RNvCsals8qWJ4N0u_7coderef15cmd_config_show
FNDA:0,_RNvCsals8qWJ4N0u_7coderef17print_doctor_text
FNDA:0,_RNvCsals8qWJ4N0u_7coderef17print_text_report
FNDA:0,_RNvCsals8qWJ4N0u_7coderef17resolved_category
FNDA:0,_RNvCsals8qWJ4N0u_7coderef18print_changes_text
FNDA:0,_RNvCsals8qWJ4N0u_7coderef18print_explain_text
FNDA:0,_RNvCsals8qWJ4N0u_7coderef20gather_commit_corpus
FNDA:0,_RNvCsals8qWJ4N0u_7coderef20print_pattern_detail
FNDA:0,_RNvCsals8qWJ4N0u_7coderef21print_commit_msg_text
FNDA:0,_RNvCsals8qWJ4N0u_7coderef22print_patterns_summary
FNDA:0,_RNvCsals8qWJ4N0u_7coderef26print_patterns_by_category
FNDA:0,_RNvCsals8qWJ4N0u_7coderef4main
FNDA:0,_RNvCsals8qWJ4N0u_7coderef8cmd_help
FNDA:0,_RNvCsals8qWJ4N0u_7coderef8cmd_list
FNDA:0,_RNvCsals8qWJ4N0u_7coderef9cmd_check
FNF:40
FNH:0
DA:19,0
DA:20,0
DA:21,0
DA:22,0
DA:23,0
DA:24,0
DA:26,0
DA:27,0
DA:28,0
DA:30,0
DA:31,0
DA:32,0
DA:33,0
DA:34,0
DA:35,0
DA:36,0
DA:39,0
DA:40,0
DA:43,0
DA:44,0
DA:45,0
DA:46,0
DA:47,0
DA:48,0
DA:49,0
DA:50,0
DA:51,0
DA:52,0
DA:53,0
DA:54,0
DA:55,0
DA:58,0
DA:60,0
DA:61,0
DA:62,0
DA:63,0
DA:64,0
DA:65,0
DA:66,0
DA:67,0
DA:68,0
DA:70,0
DA:71,0
DA:72,0
DA:73,0
DA:74,0
DA:76,0
DA:77,0
DA:78,0
DA:81,0
DA:82,0
DA:83,0
DA:86,0
DA:96,0
DA:97,0
DA:98,0
DA:99,0
DA:101,0
DA:102,0
DA:103,0
DA:104,0
DA:105,0
DA:106,0
DA:107,0
DA:109,0
DA:111,0
DA:112,0
DA:113,0
DA:114,0
DA:116,0
DA:118,0
DA:119,0
DA:123,0
DA:124,0
DA:125,0
DA:126,0
DA:129,0
DA:130,0
DA:131,0
DA:132,0
DA:133,0
DA:134,0
DA:135,0
DA:139,0
DA:140,0
DA:141,0
DA:142,0
DA:143,0
DA:147,0
DA:148,0
DA:149,0
DA:150,0
DA:151,0
DA:153,0
DA:154,0
DA:155,0
DA:159,0
DA:160,0
DA:161,0
DA:162,0
DA:163,0
DA:164,0
DA:165,0
DA:166,0
DA:167,0
DA:168,0
DA:169,0
DA:170,0
DA:172,0
DA:180,0
DA:181,0
DA:182,0
DA:183,0
DA:184,0
DA:186,0
DA:187,0
DA:188,0
DA:189,0
DA:190,0
DA:191,0
DA:192,0
DA:194,0
DA:196,0
DA:197,0
DA:198,0
DA:199,0
DA:201,0
DA:202,0
DA:203,0
DA:204,0
DA:205,0
DA:206,0
DA:208,0
DA:212,0
DA:213,0
DA:214,0
DA:215,0
DA:217,0
DA:218,0
DA:219,0
DA:221,0
DA:223,0
DA:224,0
DA:225,0
DA:227,0
DA:229,0
DA:230,0
DA:234,0
DA:235,0
DA:236,0
DA:237,0
DA:239,0
DA:242,0
DA:243,0
DA:244,0
DA:245,0
DA:246,0
DA:247,0
DA:248,0
DA:252,0
DA:253,0
DA:254,0
DA:255,0
DA:256,0
DA:258,0
DA:259,0
DA:260,0
DA:261,0
DA:262,0
DA:263,0
DA:267,0
DA:268,0
DA:269,0
DA:270,0
DA:271,0
DA:272,0
DA:273,0
DA:278,0
DA:279,0
DA:281,0
DA:283,0
DA:290,0
DA:292,0
DA:293,0
DA:294,0
DA:295,0
DA:296,0
DA:297,0
DA:299,0
DA:300,0
DA:301,0
DA:302,0
DA:303,0
DA:304,0
DA:305,0
DA:308,0
DA:309,0
DA:310,0
DA:311,0
DA:312,0
DA:313,0
DA:315,0
DA:317,0
DA:319,0
DA:320,0
DA:328,0
DA:329,0
DA:330,0
DA:336,0
DA:342,0
DA:343,0
DA:344,0
DA:345,0
DA:346,0
DA:348,0
DA:349,0
DA:350,0
DA:351,0
DA:352,0
DA:353,0
DA:354,0
DA:356,0
DA:358,0
DA:359,0
DA:360,0
DA:361,0
DA:363,0
DA:364,0
DA:365,0
DA:366,0
DA:367,0
DA:368,0
DA:370,0
DA:374,0
DA:375,0
DA:376,0
DA:377,0
DA:379,0
DA:381,0
DA:382,0
DA:387,0
DA:388,0
DA:389,0
DA:390,0
DA:391,0
DA:392,0
DA:393,0
DA:394,0
DA:395,0
DA:399,0
DA:400,0
DA:406,0
DA:407,0
DA:408,0
DA:409,0
DA:410,0
DA:411,0
DA:412,0
DA:413,0
DA:414,0
DA:415,0
DA:419,0
DA:422,0
DA:423,0
DA:424,0
DA:425,0
DA:426,0
DA:427,0
DA:428,0
DA:433,0
DA:434,0
DA:436,0
DA:438,0
DA:448,0
DA:449,0
DA:450,0
DA:451,0
DA:452,0
DA:453,0
DA:454,0
DA:455,0
DA:456,0
DA:457,0
DA:458,0
DA:459,0
DA:460,0
DA:462,0
DA:463,0
DA:464,0
DA:465,0
DA:467,0
DA:469,0
DA:471,0
DA:472,0
DA:473,0
DA:474,0
DA:475,0
DA:476,0
DA:477,0
DA:478,0
DA:479,0
DA:480,0
DA:482,0
DA:483,0
DA:484,0
DA:485,0
DA:486,0
DA:488,0
DA:490,0
DA:491,0
DA:492,0
DA:493,0
DA:494,0
DA:495,0
DA:497,0
DA:498,0
DA:499,0
DA:500,0
DA:502,0
DA:503,0
DA:504,0
DA:505,0
DA:506,0
DA:507,0
DA:508,0
DA:509,0
DA:510,0
DA:511,0
DA:512,0
DA:513,0
DA:514,0
DA:515,0
DA:516,0
DA:517,0
DA:518,0
DA:519,0
DA:520,0
DA:521,0
DA:522,0
DA:523,0
DA:525,0
DA:526,0
DA:529,0
DA:534,0
DA:535,0
DA:536,0
DA:537,0
DA:538,0
DA:539,0
DA:541,0
DA:542,0
DA:543,0
DA:544,0
DA:553,0
DA:554,0
DA:555,0
DA:556,0
DA:557,0
DA:558,0
DA:560,0
DA:562,0
DA:563,0
DA:565,0
DA:566,0
DA:567,0
DA:568,0
DA:570,0
DA:571,0
DA:572,0
DA:573,0
DA:576,0
DA:577,0
DA:580,0
DA:581,0
DA:582,0
DA:584,0
DA:585,0
DA:586,0
DA:588,0
DA:589,0
DA:590,0
DA:592,0
DA:593,0
DA:594,0
DA:596,0
DA:597,0
DA:598,0
DA:600,0
DA:601,0
DA:602,0
DA:603,0
DA:604,0
DA:607,0
DA:613,0
DA:614,0
DA:615,0
DA:616,0
DA:617,0
DA:619,0
DA:620,0
DA:621,0
DA:622,0
DA:623,0
DA:624,0
DA:625,0
DA:627,0
DA:629,0
DA:630,0
DA:631,0
DA:632,0
DA:634,0
DA:635,0
DA:636,0
DA:637,0
DA:638,0
DA:639,0
DA:641,0
DA:645,0
DA:646,0
DA:647,0
DA:648,0
DA:649,0
DA:650,0
DA:652,0
DA:654,0
DA:655,0
DA:660,0
DA:661,0
DA:662,0
DA:663,0
DA:665,0
DA:666,0
DA:667,0
DA:668,0
DA:669,0
DA:670,0
DA:674,0
DA:675,0
DA:676,0
DA:677,0
DA:678,0
DA:680,0
DA:681,0
DA:682,0
DA:685,0
DA:686,0
DA:687,0
DA:688,0
DA:690,0
DA:691,0
DA:692,0
DA:693,0
DA:695,0
DA:696,0
DA:697,0
DA:702,0
DA:703,0
DA:704,0
DA:705,0
DA:706,0
DA:707,0
DA:709,0
DA:710,0
DA:711,0
DA:712,0
DA:714,0
DA:715,0
DA:718,0
DA:727,0
DA:728,0
DA:729,0
DA:730,0
DA:731,0
DA:733,0
DA:734,0
DA:735,0
DA:736,0
DA:737,0
DA:738,0
DA:739,0
DA:741,0
DA:743,0
DA:744,0
DA:745,0
DA:746,0
DA:748,0
DA:749,0
DA:750,0
DA:751,0
DA:752,0
DA:753,0
DA:755,0
DA:759,0
DA:760,0
DA:761,0
DA:762,0
DA:763,0
DA:764,0
DA:766,0
DA:768,0
DA:769,0
DA:774,0
DA:775,0
DA:776,0
DA:777,0
DA:778,0
DA:779,0
DA:780,0
DA:781,0
DA:782,0
DA:783,0
DA:784,0
DA:786,0
DA:787,0
DA:788,0
DA:790,0
DA:791,0
DA:792,0
DA:793,0
DA:794,0
DA:799,0
DA:800,0
DA:801,0
DA:802,0
DA:803,0
DA:804,0
DA:808,0
DA:809,0
DA:810,0
DA:811,0
DA:812,0
DA:813,0
DA:817,0
DA:818,0
DA:819,0
DA:820,0
DA:821,0
DA:822,0
DA:823,0
DA:828,0
DA:829,0
DA:831,0
DA:833,0
DA:835,0
DA:837,0
DA:838,0
DA:839,0
DA:840,0
DA:841,0
DA:842,0
DA:844,0
DA:845,0
DA:846,0
DA:847,0
DA:848,0
DA:849,0
DA:850,0
DA:853,0
DA:854,0
DA:855,0
DA:856,0
DA:857,0
DA:858,0
DA:860,0
DA:862,0
DA:864,0
DA:865,0
DA:871,0
DA:872,0
DA:873,0
DA:874,0
DA:875,0
DA:876,0
DA:877,0
DA:879,0
DA:880,0
DA:881,0
DA:882,0
DA:887,0
DA:889,0
DA:899,0
DA:900,0
DA:901,0
DA:902,0
DA:903,0
DA:904,0
DA:906,0
DA:907,0
DA:908,0
DA:909,0
DA:910,0
DA:911,0
DA:912,0
DA:914,0
DA:916,0
DA:917,0
DA:918,0
DA:919,0
DA:921,0
DA:922,0
DA:923,0
DA:924,0
DA:925,0
DA:926,0
DA:928,0
DA:932,0
DA:933,0
DA:934,0
DA:935,0
DA:937,0
DA:939,0
DA:940,0
DA:941,0
DA:942,0
DA:944,0
DA:946,0
DA:947,0
DA:952,0
DA:953,0
DA:954,0
DA:955,0
DA:956,0
DA:957,0
DA:958,0
DA:959,0
DA:963,0
DA:964,0
DA:965,0
DA:966,0
DA:968,0
DA:969,0
DA:972,0
DA:973,0
DA:974,0
DA:975,0
DA:976,0
DA:986,0
DA:987,0
DA:988,0
DA:989,0
DA:990,0
DA:991,0
DA:993,0
DA:998,0
DA:999,0
DA:1000,0
DA:1001,0
DA:1002,0
DA:1003,0
DA:1004,0
DA:1005,0
DA:1006,0
DA:1007,0
DA:1008,0
DA:1009,0
DA:1010,0
DA:1013,0
DA:1014,0
DA:1015,0
DA:1016,0
DA:1017,0
DA:1019,0
DA:1020,0
DA:1021,0
DA:1022,0
DA:1027,0
DA:1028,0
DA:1029,0
DA:1030,0
DA:1031,0
DA:1032,0
DA:1033,0
DA:1036,0
DA:1037,0
DA:1038,0
DA:1039,0
DA:1040,0
DA:1041,0
DA:1042,0
DA:1047,0
DA:1048,0
DA:1050,0
DA:1052,0
DA:1054,0
DA:1055,0
DA:1059,0
DA:1060,0
DA:1061,0
DA:1063,0
DA:1064,0
DA:1070,0
DA:1071,0
DA:1072,0
DA:1073,0
DA:1074,0
DA:1075,0
DA:1076,0
DA:1077,0
DA:1078,0
DA:1079,0
DA:1080,0
DA:1081,0
DA:1082,0
DA:1083,0
DA:1084,0
DA:1091,0
DA:1093,0
DA:1096,0
DA:1097,0
DA:1098,0
DA:1099,0
DA:1101,0
DA:1102,0
DA:1103,0
DA:1104,0
DA:1105,0
DA:1106,0
DA:1107,0
DA:1109,0
DA:1111,0
DA:1112,0
DA:1113,0
DA:1114,0
DA:1116,0
DA:1117,0
DA:1118,0
DA:1119,0
DA:1120,0
DA:1121,0
DA:1123,0
DA:1127,0
DA:1128,0
DA:1129,0
DA:1131,0
DA:1133,0
DA:1134,0
DA:1139,0
DA:1140,0
DA:1141,0
DA:1142,0
DA:1145,0
DA:1146,0
DA:1147,0
DA:1148,0
DA:1149,0
DA:1150,0
DA:1154,0
DA:1156,0
DA:1157,0
DA:1158,0
DA:1159,0
DA:1160,0
DA:1162,0
DA:1163,0
DA:1164,0
DA:1168,0
DA:1169,0
DA:1172,0
DA:1174,0
DA:1175,0
DA:1176,0
DA:1177,0
DA:1178,0
DA:1179,0
DA:1180,0
DA:1181,0
DA:1182,0
DA:1183,0
DA:1184,0
DA:1185,0
DA:1186,0
DA:1190,0
DA:1191,0
DA:1192,0
DA:1193,0
DA:1194,0
DA:1195,0
DA:1196,0
DA:1197,0
DA:1198,0
DA:1199,0
DA:1200,0
DA:1201,0
DA:1202,0
DA:1203,0
DA:1206,0
DA:1207,0
DA:1208,0
DA:1209,0
DA:1210,0
DA:1211,0
DA:1212,0
DA:1213,0
DA:1214,0
DA:1215,0
DA:1216,0
DA:1217,0
DA:1218,0
DA:1219,0
DA:1220,0
DA:1221,0
DA:1222,0
DA:1223,0
DA:1226,0
DA:1227,0
DA:1228,0
DA:1229,0
DA:1232,0
DA:1233,0
DA:1234,0
DA:1235,0
DA:1236,0
DA:1237,0
DA:1239,0
DA:1240,0
DA:1242,0
DA:1243,0
DA:1244,0
DA:1245,0
DA:1246,0
DA:1247,0
DA:1248,0
DA:1249,0
DA:1250,0
DA:1251,0
DA:1252,0
DA:1253,0
DA:1254,0
DA:1255,0
DA:1256,0
DA:1257,0
DA:1258,0
DA:1259,0
DA:1260,0
DA:1262,0
DA:1263,0
DA:1267,0
DA:1269,0
DA:1270,0
DA:1271,0
DA:1272,0
DA:1273,0
DA:1274,0
DA:1275,0
DA:1276,0
DA:1277,0
DA:1278,0
DA:1279,0
DA:1280,0
DA:1281,0
DA:1282,0
DA:1283,0
DA:1284,0
DA:1285,0
DA:1286,0
DA:1287,0
DA:1288,0
DA:1289,0
DA:1290,0
DA:1291,0
DA:1293,0
DA:1294,0
DA:1295,0
DA:1296,0
DA:1297,0
DA:1299,0
DA:1301,0
DA:1302,0
DA:1303,0
DA:1304,0
DA:1305,0
DA:1306,0
DA:1307,0
DA:1308,0
DA:1309,0
DA:1310,0
DA:1312,0
DA:1314,0
DA:1316,0
DA:1317,0
DA:1318,0
DA:1319,0
DA:1320,0
DA:1322,0
DA:1323,0
DA:1324,0
DA:1325,0
DA:1326,0
DA:1327,0
DA:1328,0
DA:1329,0
DA:1330,0
DA:1331,0
DA:1332,0
DA:1333,0
DA:1334,0
DA:1335,0
DA:1337,0
DA:1339,0
DA:1340,0
DA:1341,0
DA:1342,0
DA:1343,0
DA:1344,0
DA:1345,0
DA:1346,0
DA:1347,0
DA:1348,0
DA:1349,0
DA:1350,0
DA:1351,0
DA:1352,0
DA:1353,0
DA:1354,0
DA:1355,0
DA:1356,0
DA:1357,0
DA:1358,0
DA:1359,0
DA:1360,0
DA:1361,0
DA:1362,0
DA:1363,0
DA:1364,0
BRF:0
BRH:0
LF:942
LH:0
end_of_record
SF:/home/runner/work/coderef/coderef/crates/coderef-core-wasm/src/lib.rs
FN:33,_RINvCs5JZEiW2QRDq_17coderef_core_wasm5to_jspEB2_
FN:37,_RNCINvCs5JZEiW2QRDq_17coderef_core_wasm5to_jspE0B4_
FN:87,_RNCNvCs5JZEiW2QRDq_17coderef_core_wasm11scan_buffer0B3_
FN:114,_RNCNvCs5JZEiW2QRDq_17coderef_core_wasm11scan_buffers0_0B3_
FN:93,_RNCNvCs5JZEiW2QRDq_17coderef_core_wasm11scan_buffers_0B3_
FN:127,_RNCNvCs5JZEiW2QRDq_17coderef_core_wasm12explain_text0B3_
FN:60,_RNCNvCs5JZEiW2QRDq_17coderef_core_wasm12parse_config0B3_
FN:138,_RNCNvCs5JZEiW2QRDq_17coderef_core_wasm13doctor_static0B3_
FN:80,_RNvCs5JZEiW2QRDq_17coderef_core_wasm11scan_buffer
FN:125,_RNvCs5JZEiW2QRDq_17coderef_core_wasm12explain_text
FN:59,_RNvCs5JZEiW2QRDq_17coderef_core_wasm12parse_config
FN:136,_RNvCs5JZEiW2QRDq_17coderef_core_wasm13doctor_static
FN:51,_RNvCs5JZEiW2QRDq_17coderef_core_wasm6banner
FN:43,_RNvCs5JZEiW2QRDq_17coderef_core_wasm7version
FN:177,_RNvNtCs5JZEiW2QRDq_17coderef_core_wasm5testss_31config_round_trips_through_json
FN:197,_RNvNtCs5JZEiW2QRDq_17coderef_core_wasm5testss_32invalid_jsonc_surfaces_a_message
FN:172,_RNvNtCs5JZEiW2QRDq_17coderef_core_wasm5testss_33engine_version_string_is_nonempty
FNDA:0,_RINvCs5JZEiW2QRDq_17coderef_core_wasm5to_jspEB2_
FNDA:0,_RNCINvCs5JZEiW2QRDq_17coderef_core_wasm5to_jspE0B4_
FNDA:0,_RNCNvCs5JZEiW2QRDq_17coderef_core_wasm11scan_buffer0B3_
FNDA:0,_RNCNvCs5JZEiW2QRDq_17coderef_core_wasm11scan_buffers0_0B3_
FNDA:0,_RNCNvCs5JZEiW2QRDq_17coderef_core_wasm11scan_buffers_0B3_
FNDA:0,_RNCNvCs5JZEiW2QRDq_17coderef_core_wasm12explain_text0B3_
FNDA:0,_RNCNvCs5JZEiW2QRDq_17coderef_core_wasm12parse_config0B3_
FNDA:0,_RNCNvCs5JZEiW2QRDq_17coderef_core_wasm13doctor_static0B3_
FNDA:0,_RNvCs5JZEiW2QRDq_17coderef_core_wasm11scan_buffer
FNDA:0,_RNvCs5JZEiW2QRDq_17coderef_core_wasm12explain_text
FNDA:0,_RNvCs5JZEiW2QRDq_17coderef_core_wasm12parse_config
FNDA:0,_RNvCs5JZEiW2QRDq_17coderef_core_wasm13doctor_static
FNDA:0,_RNvCs5JZEiW2QRDq_17coderef_core_wasm6banner
FNDA:0,_RNvCs5JZEiW2QRDq_17coderef_core_wasm7version
FNDA:1,_RNvNtCs5JZEiW2QRDq_17coderef_core_wasm5testss_31config_round_trips_through_json
FNDA:1,_RNvNtCs5JZEiW2QRDq_17coderef_core_wasm5testss_32invalid_jsonc_surfaces_a_message
FNDA:1,_RNvNtCs5JZEiW2QRDq_17coderef_core_wasm5testss_33engine_version_string_is_nonempty
FNF:17
FNH:3
DA:33,0
DA:34,0
DA:35,0
DA:36,0
DA:37,0
DA:38,0
DA:43,0
DA:44,0
DA:45,0
DA:51,0
DA:52,0
DA:53,0
DA:59,0
DA:60,0
DA:61,0
DA:62,0
DA:80,0
DA:81,0
DA:82,0
DA:83,0
DA:84,0
DA:85,0
DA:86,0
DA:87,0
DA:90,0
DA:91,0
DA:92,0
DA:93,0
DA:94,0
DA:97,0
DA:99,0
DA:100,0
DA:101,0
DA:102,0
DA:103,0
DA:106,0
DA:107,0
DA:108,0
DA:109,0
DA:110,0
DA:111,0
DA:113,0
DA:114,0
DA:115,0
DA:116,0
DA:125,0
DA:126,0
DA:127,0
DA:128,0
DA:129,0
DA:130,0
DA:136,0
DA:137,0
DA:138,0
DA:139,0
DA:140,0
DA:141,0
DA:172,1
DA:173,1
DA:174,1
DA:177,1
DA:179,1
DA:180,1
DA:181,1
DA:182,1
DA:183,1
DA:184,1
DA:185,1
DA:186,1
DA:187,1
DA:188,1
DA:189,1
DA:190,1
DA:191,1
DA:192,1
DA:193,1
DA:194,1
DA:197,1
DA:198,1
DA:199,1
DA:200,1
DA:202,1
DA:203,1
DA:204,0
DA:205,0
DA:207,1
BRF:0
BRH:0
LF:93
LH:27
end_of_record
SF:/home/runner/work/coderef/coderef/crates/coderef-core/src/anchor.rs
FN:118,_RNvMNtCsih98jrV6R0C_12coderef_core6anchorNtB2_7Heading4slug
FN:238,_RNvNtCsih98jrV6R0C_12coderef_core6anchor11github_slug
FN:293,_RNvNtCsih98jrV6R0C_12coderef_core6anchor11gitlab_slug
FN:263,_RNvNtCsih98jrV6R0C_12coderef_core6anchor11pandoc_slug
FN:44,_RNvNtCsih98jrV6R0C_12coderef_core6anchor13verify_anchor
FN:147,_RNvNtCsih98jrV6R0C_12coderef_core6anchor16extract_headings
FN:209,_RNvNtCsih98jrV6R0C_12coderef_core6anchor17split_explicit_id
FN:338,_RNvNtCsih98jrV6R0C_12coderef_core6anchor19levenshtein_1_match
FN:331,_RNvNtCsih98jrV6R0C_12coderef_core6anchor20mkdocs_material_slug
FN:349,_RNvNtCsih98jrV6R0C_12coderef_core6anchor21levenshtein_at_most_1
FN:133,_RNvNtCsih98jrV6R0C_12coderef_core6anchor7slugify
FN:318,_RNvNtCsih98jrV6R0C_12coderef_core6anchor9hugo_slug
FN:47,_RNCNvNtCsih98jrV6R0C_12coderef_core6anchor13verify_anchor0B5_
FN:86,_RNCNvNtCsih98jrV6R0C_12coderef_core6anchor13verify_anchors0_0B5_
FN:85,_RNCNvNtCsih98jrV6R0C_12coderef_core6anchor13verify_anchors_0B5_
FN:161,_RNCNvNtCsih98jrV6R0C_12coderef_core6anchor16extract_headings0B5_
FN:187,_RNCNvNtCsih98jrV6R0C_12coderef_core6anchor16extract_headingss0_0B5_
FN:196,_RNCNvNtCsih98jrV6R0C_12coderef_core6anchor16extract_headingss1_0B5_
FN:177,_RNCNvNtCsih98jrV6R0C_12coderef_core6anchor16extract_headingss_0B5_
FN:47,_RNCNvNtCs4uTHGotiiYn_12coderef_core6anchor13verify_anchor0B5_
FN:86,_RNCNvNtCs4uTHGotiiYn_12coderef_core6anchor13verify_anchors0_0B5_
FN:85,_RNCNvNtCs4uTHGotiiYn_12coderef_core6anchor13verify_anchors_0B5_
FN:161,_RNCNvNtCs4uTHGotiiYn_12coderef_core6anchor16extract_headings0B5_
FN:187,_RNCNvNtCs4uTHGotiiYn_12coderef_core6anchor16extract_headingss0_0B5_
FN:196,_RNCNvNtCs4uTHGotiiYn_12coderef_core6anchor16extract_headingss1_0B5_
FN:177,_RNCNvNtCs4uTHGotiiYn_12coderef_core6anchor16extract_headingss_0B5_
FN:645,_RNvNtNtCs4uTHGotiiYn_12coderef_core6anchor5tests7tempdir
FN:498,_RNvNtNtCs4uTHGotiiYn_12coderef_core6anchor5testss_31test_extract_headings_basic_atx
FN:415,_RNvNtNtCs4uTHGotiiYn_12coderef_core6anchor5testss_34test_github_slug_drops_punctuation
FN:420,_RNvNtNtCs4uTHGotiiYn_12coderef_core6anchor5testss_38test_github_slug_preserves_underscores
FN:449,_RNvNtNtCs4uTHGotiiYn_12coderef_core6anchor5testss_38test_gitlab_slug_period_becomes_hyphen
FN:439,_RNvNtNtCs4uTHGotiiYn_12coderef_core6anchor5testss_39test_pandoc_slug_trims_trailing_hyphens
FN:528,_RNvNtNtCs4uTHGotiiYn_12coderef_core6anchor5testss_41test_extract_headings_honours_explicit_id
FN:404,_RNvNtNtCs4uTHGotiiYn_12coderef_core6anchor5testss_41test_github_slug_canonical_design_example
FN:444,_RNvNtNtCs4uTHGotiiYn_12coderef_core6anchor5testss_41test_gitlab_slug_canonical_design_example
FN:425,_RNvNtNtCs4uTHGotiiYn_12coderef_core6anchor5testss_41test_pandoc_slug_canonical_design_example
FN:553,_RNvNtNtCs4uTHGotiiYn_12coderef_core6anchor5testss_41test_verify_anchor_finds_existing_heading
FN:537,_RNvNtNtCs4uTHGotiiYn_12coderef_core6anchor5testss_44test_extract_headings_strips_trailing_hashes
FN:579,_RNvNtNtCs4uTHGotiiYn_12coderef_core6anchor5testss_44test_verify_anchor_unknown_extension_skipped
FN:480,_RNvNtNtCs4uTHGotiiYn_12coderef_core6anchor5testss_46test_slugify_unknown_name_falls_back_to_github
FN:455,_RNvNtNtCs4uTHGotiiYn_12coderef_core6anchor5testss_47test_hugo_slug_matches_gitlab_canonical_example
FN:470,_RNvNtNtCs4uTHGotiiYn_12coderef_core6anchor5testss_47test_slugify_dispatches_to_each_named_slugifier
FN:544,_RNvNtNtCs4uTHGotiiYn_12coderef_core6anchor5testss_48test_extract_headings_seven_hashes_not_a_heading
FN:410,_RNvNtNtCs4uTHGotiiYn_12coderef_core6anchor5testss_49test_github_slug_lowercases_and_preserves_hyphens
FN:431,_RNvNtNtCs4uTHGotiiYn_12coderef_core6anchor5testss_49test_pandoc_slug_collapses_consecutive_separators
FN:609,_RNvNtNtCs4uTHGotiiYn_12coderef_core6anchor5testss_51test_verify_anchor_gitlab_resolves_with_gitlab_slug
FN:591,_RNvNtNtCs4uTHGotiiYn_12coderef_core6anchor5testss_51test_verify_anchor_pandoc_resolves_with_pandoc_slug
FN:508,_RNvNtNtCs4uTHGotiiYn_12coderef_core6anchor5testss_52test_extract_headings_skips_inside_fenced_code_block
FN:518,_RNvNtNtCs4uTHGotiiYn_12coderef_core6anchor5testss_53test_extract_headings_skips_inside_tilde_fenced_block
FN:485,_RNvNtNtCs4uTHGotiiYn_12coderef_core6anchor5testss_57test_heading_slug_honours_explicit_id_under_any_slugifier
FN:461,_RNvNtNtCs4uTHGotiiYn_12coderef_core6anchor5testss_58test_mkdocs_material_slug_matches_github_canonical_example
FN:565,_RNvNtNtCs4uTHGotiiYn_12coderef_core6anchor5testss_60test_verify_anchor_missing_returns_not_found_with_suggestion
FN:621,_RNvNtNtCs4uTHGotiiYn_12coderef_core6anchor5testss_64test_verify_anchor_unknown_slugifier_skipped_with_supported_list
FN:636,_RNvNtNtCs4uTHGotiiYn_12coderef_core6anchor5testss_66test_levenshtein_at_most_1_handles_substitution_insertion_deletion
FN:118,_RNvMNtCs4uTHGotiiYn_12coderef_core6anchorNtB2_7Heading4slug
FN:238,_RNvNtCs4uTHGotiiYn_12coderef_core6anchor11github_slug
FN:293,_RNvNtCs4uTHGotiiYn_12coderef_core6anchor11gitlab_slug
FN:263,_RNvNtCs4uTHGotiiYn_12coderef_core6anchor11pandoc_slug
FN:44,_RNvNtCs4uTHGotiiYn_12coderef_core6anchor13verify_anchor
FN:147,_RNvNtCs4uTHGotiiYn_12coderef_core6anchor16extract_headings
FN:209,_RNvNtCs4uTHGotiiYn_12coderef_core6anchor17split_explicit_id
FN:338,_RNvNtCs4uTHGotiiYn_12coderef_core6anchor19levenshtein_1_match
FN:331,_RNvNtCs4uTHGotiiYn_12coderef_core6anchor20mkdocs_material_slug
FN:349,_RNvNtCs4uTHGotiiYn_12coderef_core6anchor21levenshtein_at_most_1
FN:133,_RNvNtCs4uTHGotiiYn_12coderef_core6anchor7slugify
FN:318,_RNvNtCs4uTHGotiiYn_12coderef_core6anchor9hugo_slug
FN:512,_RNCNvNtNtCs4uTHGotiiYn_12coderef_core6anchor5testss_52test_extract_headings_skips_inside_fenced_code_block0B7_
FN:522,_RNCNvNtNtCs4uTHGotiiYn_12coderef_core6anchor5testss_53test_extract_headings_skips_inside_tilde_fenced_block0B7_
FNDA:3,_RNvMNtCsih98jrV6R0C_12coderef_core6anchorNtB2_7Heading4slug
FNDA:8,_RNvNtCsih98jrV6R0C_12coderef_core6anchor11github_slug
FNDA:0,_RNvNtCsih98jrV6R0C_12coderef_core6anchor11gitlab_slug
FNDA:0,_RNvNtCsih98jrV6R0C_12coderef_core6anchor11pandoc_slug
FNDA:2,_RNvNtCsih98jrV6R0C_12coderef_core6anchor13verify_anchor
FNDA:4,_RNvNtCsih98jrV6R0C_12coderef_core6anchor16extract_headings
FNDA:6,_RNvNtCsih98jrV6R0C_12coderef_core6anchor17split_explicit_id
FNDA:1,_RNvNtCsih98jrV6R0C_12coderef_core6anchor19levenshtein_1_match
FNDA:0,_RNvNtCsih98jrV6R0C_12coderef_core6anchor20mkdocs_material_slug
FNDA:1,_RNvNtCsih98jrV6R0C_12coderef_core6anchor21levenshtein_at_most_1
FNDA:3,_RNvNtCsih98jrV6R0C_12coderef_core6anchor7slugify
FNDA:0,_RNvNtCsih98jrV6R0C_12coderef_core6anchor9hugo_slug
FNDA:2,_RNCNvNtCsih98jrV6R0C_12coderef_core6anchor13verify_anchor0B5_
FNDA:3,_RNCNvNtCsih98jrV6R0C_12coderef_core6anchor13verify_anchors0_0B5_
FNDA:3,_RNCNvNtCsih98jrV6R0C_12coderef_core6anchor13verify_anchors_0B5_
FNDA:0,_RNCNvNtCsih98jrV6R0C_12coderef_core6anchor16extract_headings0B5_
FNDA:6,_RNCNvNtCsih98jrV6R0C_12coderef_core6anchor16extract_headingss0_0B5_
FNDA:5,_RNCNvNtCsih98jrV6R0C_12coderef_core6anchor16extract_headingss1_0B5_
FNDA:15,_RNCNvNtCsih98jrV6R0C_12coderef_core6anchor16extract_headingss_0B5_
FNDA:9,_RNCNvNtCs4uTHGotiiYn_12coderef_core6anchor13verify_anchor0B5_
FNDA:9,_RNCNvNtCs4uTHGotiiYn_12coderef_core6anchor13verify_anchors0_0B5_
FNDA:9,_RNCNvNtCs4uTHGotiiYn_12coderef_core6anchor13verify_anchors_0B5_
FNDA:6,_RNCNvNtCs4uTHGotiiYn_12coderef_core6anchor16extract_headings0B5_
FNDA:22,_RNCNvNtCs4uTHGotiiYn_12coderef_core6anchor16extract_headingss0_0B5_
FNDA:18,_RNCNvNtCs4uTHGotiiYn_12coderef_core6anchor16extract_headingss1_0B5_
FNDA:58,_RNCNvNtCs4uTHGotiiYn_12coderef_core6anchor16extract_headingss_0B5_
FNDA:6,_RNvNtNtCs4uTHGotiiYn_12coderef_core6anchor5tests7tempdir
FNDA:1,_RNvNtNtCs4uTHGotiiYn_12coderef_core6anchor5testss_31test_extract_headings_basic_atx
FNDA:1,_RNvNtNtCs4uTHGotiiYn_12coderef_core6anchor5testss_34test_github_slug_drops_punctuation
FNDA:1,_RNvNtNtCs4uTHGotiiYn_12coderef_core6anchor5testss_38test_github_slug_preserves_underscores
FNDA:1,_RNvNtNtCs4uTHGotiiYn_12coderef_core6anchor5testss_38test_gitlab_slug_period_becomes_hyphen
FNDA:1,_RNvNtNtCs4uTHGotiiYn_12coderef_core6anchor5testss_39test_pandoc_slug_trims_trailing_hyphens
FNDA:1,_RNvNtNtCs4uTHGotiiYn_12coderef_core6anchor5testss_41test_extract_headings_honours_explicit_id
FNDA:1,_RNvNtNtCs4uTHGotiiYn_12coderef_core6anchor5testss_41test_github_slug_canonical_design_example
FNDA:1,_RNvNtNtCs4uTHGotiiYn_12coderef_core6anchor5testss_41test_gitlab_slug_canonical_design_example
FNDA:1,_RNvNtNtCs4uTHGotiiYn_12coderef_core6anchor5testss_41test_pandoc_slug_canonical_design_example
FNDA:1,_RNvNtNtCs4uTHGotiiYn_12coderef_core6anchor5testss_41test_verify_anchor_finds_existing_heading
FNDA:1,_RNvNtNtCs4uTHGotiiYn_12coderef_core6anchor5testss_44test_extract_headings_strips_trailing_hashes
FNDA:1,_RNvNtNtCs4uTHGotiiYn_12coderef_core6anchor5testss_44test_verify_anchor_unknown_extension_skipped
FNDA:1,_RNvNtNtCs4uTHGotiiYn_12coderef_core6anchor5testss_46test_slugify_unknown_name_falls_back_to_github
FNDA:1,_RNvNtNtCs4uTHGotiiYn_12coderef_core6anchor5testss_47test_hugo_slug_matches_gitlab_canonical_example
FNDA:1,_RNvNtNtCs4uTHGotiiYn_12coderef_core6anchor5testss_47test_slugify_dispatches_to_each_named_slugifier
FNDA:1,_RNvNtNtCs4uTHGotiiYn_12coderef_core6anchor5testss_48test_extract_headings_seven_hashes_not_a_heading
FNDA:1,_RNvNtNtCs4uTHGotiiYn_12coderef_core6anchor5testss_49test_github_slug_lowercases_and_preserves_hyphens
FNDA:1,_RNvNtNtCs4uTHGotiiYn_12coderef_core6anchor5testss_49test_pandoc_slug_collapses_consecutive_separators
FNDA:1,_RNvNtNtCs4uTHGotiiYn_12coderef_core6anchor5testss_51test_verify_anchor_gitlab_resolves_with_gitlab_slug
FNDA:1,_RNvNtNtCs4uTHGotiiYn_12coderef_core6anchor5testss_51test_verify_anchor_pandoc_resolves_with_pandoc_slug
FNDA:1,_RNvNtNtCs4uTHGotiiYn_12coderef_core6anchor5testss_52test_extract_headings_skips_inside_fenced_code_block
FNDA:1,_RNvNtNtCs4uTHGotiiYn_12coderef_core6anchor5testss_53test_extract_headings_skips_inside_tilde_fenced_block
FNDA:1,_RNvNtNtCs4uTHGotiiYn_12coderef_core6anchor5testss_57test_heading_slug_honours_explicit_id_under_any_slugifier
FNDA:1,_RNvNtNtCs4uTHGotiiYn_12coderef_core6anchor5testss_58test_mkdocs_material_slug_matches_github_canonical_example
FNDA:1,_RNvNtNtCs4uTHGotiiYn_12coderef_core6anchor5testss_60test_verify_anchor_missing_returns_not_found_with_suggestion
FNDA:1,_RNvNtNtCs4uTHGotiiYn_12coderef_core6anchor5testss_64test_verify_anchor_unknown_slugifier_skipped_with_supported_list
FNDA:1,_RNvNtNtCs4uTHGotiiYn_12coderef_core6anchor5testss_66test_levenshtein_at_most_1_handles_substitution_insertion_deletion
FNDA:12,_RNvMNtCs4uTHGotiiYn_12coderef_core6anchorNtB2_7Heading4slug
FNDA:33,_RNvNtCs4uTHGotiiYn_12coderef_core6anchor11github_slug
FNDA:6,_RNvNtCs4uTHGotiiYn_12coderef_core6anchor11gitlab_slug
FNDA:6,_RNvNtCs4uTHGotiiYn_12coderef_core6anchor11pandoc_slug
FNDA:9,_RNvNtCs4uTHGotiiYn_12coderef_core6anchor13verify_anchor
FNDA:12,_RNvNtCs4uTHGotiiYn_12coderef_core6anchor16extract_headings
FNDA:19,_RNvNtCs4uTHGotiiYn_12coderef_core6anchor17split_explicit_id
FNDA:2,_RNvNtCs4uTHGotiiYn_12coderef_core6anchor19levenshtein_1_match
FNDA:2,_RNvNtCs4uTHGotiiYn_12coderef_core6anchor20mkdocs_material_slug
FNDA:8,_RNvNtCs4uTHGotiiYn_12coderef_core6anchor21levenshtein_at_most_1
FNDA:15,_RNvNtCs4uTHGotiiYn_12coderef_core6anchor7slugify
FNDA:2,_RNvNtCs4uTHGotiiYn_12coderef_core6anchor9hugo_slug
FNDA:2,_RNCNvNtNtCs4uTHGotiiYn_12coderef_core6anchor5testss_52test_extract_headings_skips_inside_fenced_code_block0B7_
FNDA:2,_RNCNvNtNtCs4uTHGotiiYn_12coderef_core6anchor5testss_53test_extract_headings_skips_inside_tilde_fenced_block0B7_
FNF:49
FNH:49
DA:44,11
DA:45,11
DA:46,11
DA:47,11
DA:48,11
DA:49,11
DA:50,11
DA:51,2
DA:52,2
DA:53,2
DA:54,9
DA:61,9
DA:62,8
DA:63,9
DA:64,9
DA:66,1
DA:67,1
DA:68,1
DA:69,1
DA:70,1
DA:71,1
DA:72,8
DA:74,8
DA:75,8
DA:76,0
DA:77,0
DA:78,0
DA:79,0
DA:82,8
DA:85,12
DA:86,12
DA:87,5
DA:89,3
DA:90,3
DA:91,3
DA:92,3
DA:94,11
DA:118,15
DA:119,15
DA:120,3
DA:121,12
DA:122,12
DA:123,15
DA:133,18
DA:134,18
DA:135,18
DA:136,16
DA:137,14
DA:138,13
DA:139,12
DA:141,18
DA:147,16
DA:148,16
DA:149,16
DA:150,16
DA:151,47
DA:152,47
DA:160,47
DA:161,6
DA:162,2
DA:163,2
DA:164,2
DA:165,4
DA:166,43
DA:167,43
DA:168,2
DA:169,2
DA:170,2
DA:171,41
DA:172,41
DA:173,0
DA:174,41
DA:177,73
DA:178,41
DA:179,16
DA:180,25
DA:181,25
DA:182,25
DA:183,0
DA:184,25
DA:185,25
DA:187,28
DA:192,25
DA:193,25
DA:194,25
DA:195,25
DA:196,25
DA:197,25
DA:198,25
DA:199,25
DA:200,25
DA:201,25
DA:202,25
DA:204,16
DA:205,16
DA:209,25
DA:210,25
DA:211,25
DA:212,23
DA:213,2
DA:214,2
DA:215,0
DA:218,2
DA:220,2
DA:221,0
DA:222,2
DA:223,2
DA:224,2
DA:225,25
DA:238,41
DA:239,41
DA:240,390
DA:241,390
DA:242,390
DA:243,343
DA:244,343
DA:245,30
DA:246,30
DA:249,41
DA:250,41
DA:263,6
DA:264,6
DA:265,6
DA:266,83
DA:267,83
DA:268,83
DA:269,60
DA:270,60
DA:271,60
DA:272,8
DA:273,8
DA:274,15
DA:278,6
DA:279,0
DA:280,0
DA:281,6
DA:282,6
DA:293,6
DA:294,6
DA:295,6
DA:296,86
DA:297,86
DA:298,86
DA:299,59
DA:300,59
DA:301,59
DA:302,19
DA:303,19
DA:304,19
DA:306,10
DA:307,4
DA:308,4
DA:309,6
DA:310,6
DA:318,2
DA:319,2
DA:320,2
DA:331,2
DA:332,2
DA:333,2
DA:338,3
DA:339,3
DA:340,3
DA:341,3
DA:342,0
DA:344,0
DA:345,3
DA:349,9
DA:350,9
DA:351,1
DA:352,8
DA:353,8
DA:354,8
DA:355,8
DA:356,8
DA:357,1
DA:358,7
DA:359,7
DA:360,5
DA:362,2
DA:364,7
DA:366,1
DA:367,7
DA:368,7
DA:369,1
DA:370,1
DA:371,0
DA:372,1
DA:373,6
DA:375,1
DA:379,6
DA:380,6
DA:381,6
DA:382,41
DA:383,36
DA:384,34
DA:385,34
DA:386,34
DA:387,1
DA:388,1
DA:389,1
DA:390,1
DA:391,1
DA:395,5
DA:397,9
DA:404,1
DA:406,1
DA:407,1
DA:410,1
DA:411,1
DA:412,1
DA:415,1
DA:416,1
DA:417,1
DA:420,1
DA:421,1
DA:422,1
DA:425,1
DA:427,1
DA:428,1
DA:431,1
DA:434,1
DA:435,1
DA:436,1
DA:439,1
DA:440,1
DA:441,1
DA:444,1
DA:445,1
DA:446,1
DA:449,1
DA:451,1
DA:452,1
DA:455,1
DA:457,1
DA:458,1
DA:461,1
DA:463,1
DA:464,1
DA:467,1
DA:470,1
DA:471,1
DA:472,1
DA:473,1
DA:474,1
DA:475,1
DA:476,1
DA:477,1
DA:480,1
DA:481,1
DA:482,1
DA:485,1
DA:486,1
DA:487,1
DA:488,1
DA:489,1
DA:490,1
DA:491,1
DA:492,1
DA:493,1
DA:494,1
DA:495,1
DA:498,1
DA:499,1
DA:500,1
DA:501,1
DA:502,1
DA:503,1
DA:504,1
DA:505,1
DA:508,1
DA:509,1
DA:510,1
DA:511,1
DA:512,2
DA:513,1
DA:515,1
DA:518,1
DA:519,1
DA:520,1
DA:521,1
DA:522,2
DA:523,1
DA:525,1
DA:528,1
DA:529,1
DA:530,1
DA:531,1
DA:532,1
DA:533,1
DA:534,1
DA:537,1
DA:538,1
DA:539,1
DA:540,1
DA:541,1
DA:544,1
DA:546,1
DA:547,1
DA:548,1
DA:549,1
DA:550,1
DA:553,1
DA:554,1
DA:555,1
DA:556,1
DA:557,1
DA:558,1
DA:561,1
DA:562,1
DA:565,1
DA:566,1
DA:567,1
DA:568,1
DA:569,1
DA:570,1
DA:571,1
DA:573,0
DA:575,1
DA:576,1
DA:579,1
DA:580,1
DA:581,1
DA:582,1
DA:583,1
DA:584,1
DA:585,0
DA:587,1
DA:588,1
DA:591,1
DA:598,1
DA:599,1
DA:600,1
DA:601,1
DA:602,1
DA:605,1
DA:606,1
DA:609,1
DA:610,1
DA:611,1
DA:612,1
DA:613,1
DA:614,1
DA:617,1
DA:618,1
DA:621,1
DA:622,1
DA:623,1
DA:624,1
DA:625,1
DA:626,1
DA:627,1
DA:628,1
DA:630,0
DA:632,1
DA:633,1
DA:636,1
DA:637,1
DA:638,1
DA:639,1
DA:640,1
DA:641,1
DA:642,1
DA:643,1
DA:645,6
DA:646,6
DA:647,6
DA:648,6
DA:649,6
DA:650,6
DA:651,6
DA:652,6
DA:653,6
DA:654,6
DA:655,6
DA:656,6
BRF:0
BRH:0
LF:385
LH:369
end_of_record
SF:/home/runner/work/coderef/coderef/crates/coderef-core/src/bin/gen_schema.rs
FN:12,_RNvCsaGOXKNyUnHv_18coderef_gen_schema4main
FN:12,_RNvCsl90b2IQudZX_18coderef_gen_schema4main
FNDA:0,_RNvCsaGOXKNyUnHv_18coderef_gen_schema4main
FNDA:0,_RNvCsl90b2IQudZX_18coderef_gen_schema4main
FNF:1
FNH:0
DA:12,0
DA:13,0
DA:14,0
DA:15,0
DA:16,0
DA:17,0
DA:18,0
DA:19,0
BRF:0
BRH:0
LF:8
LH:0
end_of_record
SF:/home/runner/work/coderef/coderef/crates/coderef-core/src/category.rs
FN:54,_RNvNtCsih98jrV6R0C_12coderef_core8category13display_order
FN:39,_RNvNtCsih98jrV6R0C_12coderef_core8category14infer_category
FN:55,_RNCNvNtCsih98jrV6R0C_12coderef_core8category13display_order0B5_
FN:55,_RNCNvNtCs4uTHGotiiYn_12coderef_core8category13display_order0B5_
FN:122,_RNCNvNtNtCs4uTHGotiiYn_12coderef_core8category5testss_48test_display_order_builtins_sort_by_design_order0B7_
FN:107,_RNvNtNtCs4uTHGotiiYn_12coderef_core8category5testss_32test_infer_category_url_is_other
FN:115,_RNvNtNtCs4uTHGotiiYn_12coderef_core8category5testss_34test_infer_category_block_is_other
FN:97,_RNvNtNtCs4uTHGotiiYn_12coderef_core8category5testss_34test_infer_category_local_is_files
FN:102,_RNvNtNtCs4uTHGotiiYn_12coderef_core8category5testss_46test_infer_category_ifchange_is_coupled_change
FN:81,_RNvNtNtCs4uTHGotiiYn_12coderef_core8category5testss_47test_builtins_list_matches_design_section_5_7_1
FN:120,_RNvNtNtCs4uTHGotiiYn_12coderef_core8category5testss_48test_display_order_builtins_sort_by_design_order
FN:138,_RNvNtNtCs4uTHGotiiYn_12coderef_core8category5testss_73test_display_order_user_categories_slot_before_other_after_coupled_change
FN:54,_RNvNtCs4uTHGotiiYn_12coderef_core8category13display_order
FN:39,_RNvNtCs4uTHGotiiYn_12coderef_core8category14infer_category
FNDA:0,_RNvNtCsih98jrV6R0C_12coderef_core8category13display_order
FNDA:42,_RNvNtCsih98jrV6R0C_12coderef_core8category14infer_category
FNDA:0,_RNCNvNtCsih98jrV6R0C_12coderef_core8category13display_order0B5_
FNDA:75,_RNCNvNtCs4uTHGotiiYn_12coderef_core8category13display_order0B5_
FNDA:12,_RNCNvNtNtCs4uTHGotiiYn_12coderef_core8category5testss_48test_display_order_builtins_sort_by_design_order0B7_
FNDA:1,_RNvNtNtCs4uTHGotiiYn_12coderef_core8category5testss_32test_infer_category_url_is_other
FNDA:1,_RNvNtNtCs4uTHGotiiYn_12coderef_core8category5testss_34test_infer_category_block_is_other
FNDA:1,_RNvNtNtCs4uTHGotiiYn_12coderef_core8category5testss_34test_infer_category_local_is_files
FNDA:1,_RNvNtNtCs4uTHGotiiYn_12coderef_core8category5testss_46test_infer_category_ifchange_is_coupled_change
FNDA:1,_RNvNtNtCs4uTHGotiiYn_12coderef_core8category5testss_47test_builtins_list_matches_design_section_5_7_1
FNDA:1,_RNvNtNtCs4uTHGotiiYn_12coderef_core8category5testss_48test_display_order_builtins_sort_by_design_order
FNDA:1,_RNvNtNtCs4uTHGotiiYn_12coderef_core8category5testss_73test_display_order_user_categories_slot_before_other_after_coupled_change
FNDA:16,_RNvNtCs4uTHGotiiYn_12coderef_core8category13display_order
FNDA:32,_RNvNtCs4uTHGotiiYn_12coderef_core8category14infer_category
FNF:11
FNH:11
DA:39,74
DA:40,74
DA:41,6
DA:42,18
DA:43,50
DA:45,74
DA:54,16
DA:55,75
DA:57,14
DA:61,14
DA:62,2
DA:64,12
DA:72,2
DA:74,16
DA:81,1
DA:82,1
DA:94,1
DA:97,1
DA:98,1
DA:99,1
DA:102,1
DA:103,1
DA:104,1
DA:107,1
DA:111,1
DA:112,1
DA:115,1
DA:116,1
DA:117,1
DA:120,1
DA:121,1
DA:122,12
DA:123,1
DA:125,1
DA:127,1
DA:128,1
DA:129,1
DA:130,1
DA:131,1
DA:132,1
DA:135,1
DA:138,1
DA:139,1
DA:140,1
DA:141,1
BRF:0
BRH:0
LF:47
LH:47
end_of_record
SF:/home/runner/work/coderef/coderef/crates/coderef-core/src/check/mod.rs
FN:39,_RNvMNtCsih98jrV6R0C_12coderef_core5checkNtB2_11CheckReport6passed
FN:62,_RNvNtCsih98jrV6R0C_12coderef_core5check16check_references
FN:52,_RINvNtCsih98jrV6R0C_12coderef_core5check15check_workspaceRNtNtCscKkwsb9kWaL_3std4path7PathBufECsgbv6b6kBuUT_14check_pipeline
FN:39,_RNvMNtCs4uTHGotiiYn_12coderef_core5checkNtB2_11CheckReport6passed
FN:62,_RNvNtCs4uTHGotiiYn_12coderef_core5check16check_references
FN:52,_RINvNtCs4uTHGotiiYn_12coderef_core5check15check_workspacepEB4_
FN:105,_RNvNtNtCs4uTHGotiiYn_12coderef_core5check5tests1r
FN:123,_RNvNtNtCs4uTHGotiiYn_12coderef_core5check5testss_44test_check_report_passed_true_when_no_broken
FN:135,_RNvNtNtCs4uTHGotiiYn_12coderef_core5check5testss_46test_check_report_passed_false_when_any_broken
FN:179,_RNvNtNtCs4uTHGotiiYn_12coderef_core5check5testss_52test_check_references_block_marker_counted_as_broken
FN:147,_RNvNtNtCs4uTHGotiiYn_12coderef_core5check5testss_53test_check_references_counts_ifchange_kind_as_skipped
FN:204,_RNvNtNtCs4uTHGotiiYn_12coderef_core5check5testss_55test_check_references_local_existing_path_counted_as_ok
FN:158,_RNvNtNtCs4uTHGotiiYn_12coderef_core5check5testss_58test_check_references_local_missing_path_counted_as_broken
FNDA:7,_RNvMNtCsih98jrV6R0C_12coderef_core5checkNtB2_11CheckReport6passed
FNDA:8,_RNvNtCsih98jrV6R0C_12coderef_core5check16check_references
FNDA:3,_RINvNtCsih98jrV6R0C_12coderef_core5check15check_workspaceRNtNtCscKkwsb9kWaL_3std4path7PathBufECsgbv6b6kBuUT_14check_pipeline
FNDA:3,_RNvMNtCs4uTHGotiiYn_12coderef_core5checkNtB2_11CheckReport6passed
FNDA:4,_RNvNtCs4uTHGotiiYn_12coderef_core5check16check_references
FNDA:0,_RINvNtCs4uTHGotiiYn_12coderef_core5check15check_workspacepEB4_
FNDA:3,_RNvNtNtCs4uTHGotiiYn_12coderef_core5check5tests1r
FNDA:1,_RNvNtNtCs4uTHGotiiYn_12coderef_core5check5testss_44test_check_report_passed_true_when_no_broken
FNDA:1,_RNvNtNtCs4uTHGotiiYn_12coderef_core5check5testss_46test_check_report_passed_false_when_any_broken
FNDA:1,_RNvNtNtCs4uTHGotiiYn_12coderef_core5check5testss_52test_check_references_block_marker_counted_as_broken
FNDA:1,_RNvNtNtCs4uTHGotiiYn_12coderef_core5check5testss_53test_check_references_counts_ifchange_kind_as_skipped
FNDA:1,_RNvNtNtCs4uTHGotiiYn_12coderef_core5check5testss_55test_check_references_local_existing_path_counted_as_ok
FNDA:1,_RNvNtNtCs4uTHGotiiYn_12coderef_core5check5testss_58test_check_references_local_missing_path_counted_as_broken
FNF:10
FNH:10
DA:39,10
DA:40,10
DA:41,10
DA:52,3
DA:53,3
DA:54,3
DA:55,3
DA:56,3
DA:57,3
DA:58,3
DA:59,3
DA:62,12
DA:63,12
DA:64,12
DA:65,12
DA:66,12
DA:67,12
DA:68,12
DA:69,12
DA:70,24
DA:71,12
DA:72,12
DA:73,6
DA:74,1
DA:75,5
DA:77,12
DA:79,12
DA:80,12
DA:81,12
DA:82,12
DA:83,12
DA:84,12
DA:85,12
DA:86,12
DA:87,12
DA:105,3
DA:106,3
DA:107,3
DA:108,3
DA:109,3
DA:110,3
DA:111,3
DA:112,3
DA:113,3
DA:114,3
DA:115,3
DA:116,3
DA:117,3
DA:118,3
DA:119,3
DA:120,3
DA:123,1
DA:124,1
DA:125,1
DA:126,1
DA:127,1
DA:128,1
DA:129,1
DA:130,1
DA:131,1
DA:132,1
DA:135,1
DA:136,1
DA:137,1
DA:138,1
DA:139,1
DA:140,1
DA:141,1
DA:142,1
DA:143,1
DA:144,1
DA:147,1
DA:148,1
DA:149,1
DA:150,1
DA:151,1
DA:152,1
DA:153,1
DA:154,1
DA:155,1
DA:158,1
DA:159,1
DA:160,1
DA:161,1
DA:162,1
DA:163,1
DA:164,1
DA:165,1
DA:166,1
DA:167,1
DA:168,1
DA:169,1
DA:170,1
DA:171,1
DA:172,1
DA:173,1
DA:174,1
DA:175,1
DA:176,1
DA:179,1
DA:180,1
DA:181,1
DA:182,1
DA:183,1
DA:184,1
DA:185,1
DA:186,1
DA:187,1
DA:188,1
DA:189,1
DA:190,1
DA:191,1
DA:192,1
DA:193,1
DA:194,1
DA:195,1
DA:196,1
DA:197,1
DA:198,1
DA:199,1
DA:200,1
DA:201,1
DA:204,1
DA:205,1
DA:206,1
DA:207,1
DA:208,1
DA:209,1
DA:210,1
DA:211,1
DA:212,1
DA:213,1
DA:214,1
DA:215,1
DA:216,1
DA:217,1
DA:218,1
DA:219,1
DA:220,1
DA:221,1
DA:222,1
DA:223,1
DA:224,1
BRF:0
BRH:0
LF:143
LH:143
end_of_record
SF:/home/runner/work/coderef/coderef/crates/coderef-core/src/comment/detector.rs
FN:34,_RNCNvNtNtCsih98jrV6R0C_12coderef_core7comment8detector15is_in_any_range0B7_
FN:148,_RNCNvNtNtCsih98jrV6R0C_12coderef_core7comment8detector16find_byte_or_end0B7_
FN:149,_RNCNvNtNtCsih98jrV6R0C_12coderef_core7comment8detector16find_byte_or_ends_0B7_
FN:157,_RNCNvNtNtCsih98jrV6R0C_12coderef_core7comment8detector16find_subsequence0B7_
FN:23,_RNvMNtNtCsih98jrV6R0C_12coderef_core7comment8detectorNtB2_5Range8contains
FN:179,_RNvNtNtCsih98jrV6R0C_12coderef_core7comment8detector13utf8_char_len
FN:46,_RNvNtNtCsih98jrV6R0C_12coderef_core7comment8detector14detect_regions
FN:127,_RNvNtNtCsih98jrV6R0C_12coderef_core7comment8detector14match_block_at
FN:30,_RNvNtNtCsih98jrV6R0C_12coderef_core7comment8detector15is_in_any_range
FN:145,_RNvNtNtCsih98jrV6R0C_12coderef_core7comment8detector16find_byte_or_end
FN:152,_RNvNtNtCsih98jrV6R0C_12coderef_core7comment8detector16find_subsequence
FN:163,_RNvNtNtCsih98jrV6R0C_12coderef_core7comment8detector17find_string_close
FN:111,_RNvNtNtCsih98jrV6R0C_12coderef_core7comment8detector8match_at
FN:194,_RNvNtNtNtCs4uTHGotiiYn_12coderef_core7comment8detector5tests11regions_for
FN:205,_RNvNtNtNtCs4uTHGotiiYn_12coderef_core7comment8detector5tests8kinds_of
FN:198,_RNvNtNtNtCs4uTHGotiiYn_12coderef_core7comment8detector5tests9slices_of
FN:323,_RNvNtNtNtCs4uTHGotiiYn_12coderef_core7comment8detector5testss_29test_detect_lua_block_comment
FN:315,_RNvNtNtNtCs4uTHGotiiYn_12coderef_core7comment8detector5testss_33test_detect_lua_dash_line_comment
FN:282,_RNvNtNtNtCs4uTHGotiiYn_12coderef_core7comment8detector5testss_36test_detect_python_hash_line_comment
FN:235,_RNvNtNtNtCs4uTHGotiiYn_12coderef_core7comment8detector5testss_41test_detect_rust_block_comment_multi_line
FN:381,_RNvNtNtNtCs4uTHGotiiYn_12coderef_core7comment8detector5testss_47test_is_in_any_range_false_for_empty_range_list
FN:360,_RNvNtNtNtCs4uTHGotiiYn_12coderef_core7comment8detector5testss_49test_range_contains_inclusive_start_exclusive_end
FN:399,_RNvNtNtNtCs4uTHGotiiYn_12coderef_core7comment8detector5testss_50test_detect_multiple_comments_classified_correctly
FN:262,_RNvNtNtNtCs4uTHGotiiYn_12coderef_core7comment8detector5testss_50test_detect_rust_unterminated_block_extends_to_eof
FN:375,_RNvNtNtNtCs4uTHGotiiYn_12coderef_core7comment8detector5testss_52test_is_in_any_range_false_when_position_in_no_range
FN:369,_RNvNtNtNtCs4uTHGotiiYn_12coderef_core7comment8detector5testss_52test_is_in_any_range_true_when_position_in_one_range
FN:212,_RNvNtNtNtCs4uTHGotiiYn_12coderef_core7comment8detector5testss_56test_detect_rust_line_comment_classified_as_line_comment
FN:227,_RNvNtNtNtCs4uTHGotiiYn_12coderef_core7comment8detector5testss_58test_detect_rust_block_comment_classified_as_block_comment
FN:346,_RNvNtNtNtCs4uTHGotiiYn_12coderef_core7comment8detector5testss_59test_detect_markdown_inline_code_classified_as_code_snippet
FN:338,_RNvNtNtNtCs4uTHGotiiYn_12coderef_core7comment8detector5testss_60test_detect_markdown_dispatches_to_fenced_block_aware_parser
FN:220,_RNvNtNtNtCs4uTHGotiiYn_12coderef_core7comment8detector5testss_60test_detect_rust_line_comment_at_eof_has_no_trailing_newline
FN:242,_RNvNtNtNtCs4uTHGotiiYn_12coderef_core7comment8detector5testss_60test_detect_rust_string_literal_classified_as_string_literal
FN:254,_RNvNtNtNtCs4uTHGotiiYn_12coderef_core7comment8detector5testss_62test_detect_rust_block_inside_string_classified_as_string_only
FN:388,_RNvNtNtNtCs4uTHGotiiYn_12coderef_core7comment8detector5testss_64test_detect_handles_multibyte_utf8_string_alongside_line_comment
FN:290,_RNvNtNtNtCs4uTHGotiiYn_12coderef_core7comment8detector5testss_66test_detect_python_hash_inside_string_classifies_string_separately
FN:300,_RNvNtNtNtCs4uTHGotiiYn_12coderef_core7comment8detector5testss_66test_detect_python_triple_quoted_string_is_a_single_string_literal
FN:269,_RNvNtNtNtCs4uTHGotiiYn_12coderef_core7comment8detector5testss_67test_detect_rust_string_then_real_comment_classifies_each_correctly
FN:23,_RNvMNtNtCs4uTHGotiiYn_12coderef_core7comment8detectorNtB2_5Range8contains
FN:179,_RNvNtNtCs4uTHGotiiYn_12coderef_core7comment8detector13utf8_char_len
FN:46,_RNvNtNtCs4uTHGotiiYn_12coderef_core7comment8detector14detect_regions
FN:127,_RNvNtNtCs4uTHGotiiYn_12coderef_core7comment8detector14match_block_at
FN:30,_RNvNtNtCs4uTHGotiiYn_12coderef_core7comment8detector15is_in_any_range
FN:145,_RNvNtNtCs4uTHGotiiYn_12coderef_core7comment8detector16find_byte_or_end
FN:152,_RNvNtNtCs4uTHGotiiYn_12coderef_core7comment8detector16find_subsequence
FN:163,_RNvNtNtCs4uTHGotiiYn_12coderef_core7comment8detector17find_string_close
FN:111,_RNvNtNtCs4uTHGotiiYn_12coderef_core7comment8detector8match_at
FN:201,_RNCNvNtNtNtCs4uTHGotiiYn_12coderef_core7comment8detector5tests9slices_of0B9_
FN:34,_RNCNvNtNtCs4uTHGotiiYn_12coderef_core7comment8detector15is_in_any_range0B7_
FN:148,_RNCNvNtNtCs4uTHGotiiYn_12coderef_core7comment8detector16find_byte_or_end0B7_
FN:149,_RNCNvNtNtCs4uTHGotiiYn_12coderef_core7comment8detector16find_byte_or_ends_0B7_
FN:157,_RNCNvNtNtCs4uTHGotiiYn_12coderef_core7comment8detector16find_subsequence0B7_
FNDA:0,_RNCNvNtNtCsih98jrV6R0C_12coderef_core7comment8detector15is_in_any_range0B7_
FNDA:1403,_RNCNvNtNtCsih98jrV6R0C_12coderef_core7comment8detector16find_byte_or_end0B7_
FNDA:23,_RNCNvNtNtCsih98jrV6R0C_12coderef_core7comment8detector16find_byte_or_ends_0B7_
FNDA:0,_RNCNvNtNtCsih98jrV6R0C_12coderef_core7comment8detector16find_subsequence0B7_
FNDA:79,_RNvMNtNtCsih98jrV6R0C_12coderef_core7comment8detectorNtB2_5Range8contains
FNDA:155,_RNvNtNtCsih98jrV6R0C_12coderef_core7comment8detector13utf8_char_len
FNDA:64,_RNvNtNtCsih98jrV6R0C_12coderef_core7comment8detector14detect_regions
FNDA:192,_RNvNtNtCsih98jrV6R0C_12coderef_core7comment8detector14match_block_at
FNDA:0,_RNvNtNtCsih98jrV6R0C_12coderef_core7comment8detector15is_in_any_range
FNDA:61,_RNvNtNtCsih98jrV6R0C_12coderef_core7comment8detector16find_byte_or_end
FNDA:0,_RNvNtNtCsih98jrV6R0C_12coderef_core7comment8detector16find_subsequence
FNDA:2,_RNvNtNtCsih98jrV6R0C_12coderef_core7comment8detector17find_string_close
FNDA:323,_RNvNtNtCsih98jrV6R0C_12coderef_core7comment8detector8match_at
FNDA:17,_RNvNtNtNtCs4uTHGotiiYn_12coderef_core7comment8detector5tests11regions_for
FNDA:14,_RNvNtNtNtCs4uTHGotiiYn_12coderef_core7comment8detector5tests8kinds_of
FNDA:16,_RNvNtNtNtCs4uTHGotiiYn_12coderef_core7comment8detector5tests9slices_of
FNDA:1,_RNvNtNtNtCs4uTHGotiiYn_12coderef_core7comment8detector5testss_29test_detect_lua_block_comment
FNDA:1,_RNvNtNtNtCs4uTHGotiiYn_12coderef_core7comment8detector5testss_33test_detect_lua_dash_line_comment
FNDA:1,_RNvNtNtNtCs4uTHGotiiYn_12coderef_core7comment8detector5testss_36test_detect_python_hash_line_comment
FNDA:1,_RNvNtNtNtCs4uTHGotiiYn_12coderef_core7comment8detector5testss_41test_detect_rust_block_comment_multi_line
FNDA:1,_RNvNtNtNtCs4uTHGotiiYn_12coderef_core7comment8detector5testss_47test_is_in_any_range_false_for_empty_range_list
FNDA:1,_RNvNtNtNtCs4uTHGotiiYn_12coderef_core7comment8detector5testss_49test_range_contains_inclusive_start_exclusive_end
FNDA:1,_RNvNtNtNtCs4uTHGotiiYn_12coderef_core7comment8detector5testss_50test_detect_multiple_comments_classified_correctly
FNDA:1,_RNvNtNtNtCs4uTHGotiiYn_12coderef_core7comment8detector5testss_50test_detect_rust_unterminated_block_extends_to_eof
FNDA:1,_RNvNtNtNtCs4uTHGotiiYn_12coderef_core7comment8detector5testss_52test_is_in_any_range_false_when_position_in_no_range
FNDA:1,_RNvNtNtNtCs4uTHGotiiYn_12coderef_core7comment8detector5testss_52test_is_in_any_range_true_when_position_in_one_range
FNDA:1,_RNvNtNtNtCs4uTHGotiiYn_12coderef_core7comment8detector5testss_56test_detect_rust_line_comment_classified_as_line_comment
FNDA:1,_RNvNtNtNtCs4uTHGotiiYn_12coderef_core7comment8detector5testss_58test_detect_rust_block_comment_classified_as_block_comment
FNDA:1,_RNvNtNtNtCs4uTHGotiiYn_12coderef_core7comment8detector5testss_59test_detect_markdown_inline_code_classified_as_code_snippet
FNDA:1,_RNvNtNtNtCs4uTHGotiiYn_12coderef_core7comment8detector5testss_60test_detect_markdown_dispatches_to_fenced_block_aware_parser
FNDA:1,_RNvNtNtNtCs4uTHGotiiYn_12coderef_core7comment8detector5testss_60test_detect_rust_line_comment_at_eof_has_no_trailing_newline
FNDA:1,_RNvNtNtNtCs4uTHGotiiYn_12coderef_core7comment8detector5testss_60test_detect_rust_string_literal_classified_as_string_literal
FNDA:1,_RNvNtNtNtCs4uTHGotiiYn_12coderef_core7comment8detector5testss_62test_detect_rust_block_inside_string_classified_as_string_only
FNDA:1,_RNvNtNtNtCs4uTHGotiiYn_12coderef_core7comment8detector5testss_64test_detect_handles_multibyte_utf8_string_alongside_line_comment
FNDA:1,_RNvNtNtNtCs4uTHGotiiYn_12coderef_core7comment8detector5testss_66test_detect_python_hash_inside_string_classifies_string_separately
FNDA:1,_RNvNtNtNtCs4uTHGotiiYn_12coderef_core7comment8detector5testss_66test_detect_python_triple_quoted_string_is_a_single_string_literal
FNDA:1,_RNvNtNtNtCs4uTHGotiiYn_12coderef_core7comment8detector5testss_67test_detect_rust_string_then_real_comment_classifies_each_correctly
FNDA:114,_RNvMNtNtCs4uTHGotiiYn_12coderef_core7comment8detectorNtB2_5Range8contains
FNDA:401,_RNvNtNtCs4uTHGotiiYn_12coderef_core7comment8detector13utf8_char_len
FNDA:37,_RNvNtNtCs4uTHGotiiYn_12coderef_core7comment8detector14detect_regions
FNDA:346,_RNvNtNtCs4uTHGotiiYn_12coderef_core7comment8detector14match_block_at
FNDA:3,_RNvNtNtCs4uTHGotiiYn_12coderef_core7comment8detector15is_in_any_range
FNDA:23,_RNvNtNtCs4uTHGotiiYn_12coderef_core7comment8detector16find_byte_or_end
FNDA:5,_RNvNtNtCs4uTHGotiiYn_12coderef_core7comment8detector16find_subsequence
FNDA:6,_RNvNtNtCs4uTHGotiiYn_12coderef_core7comment8detector17find_string_close
FNDA:659,_RNvNtNtCs4uTHGotiiYn_12coderef_core7comment8detector8match_at
FNDA:21,_RNCNvNtNtNtCs4uTHGotiiYn_12coderef_core7comment8detector5tests9slices_of0B9_
FNDA:4,_RNCNvNtNtCs4uTHGotiiYn_12coderef_core7comment8detector15is_in_any_range0B7_
FNDA:281,_RNCNvNtNtCs4uTHGotiiYn_12coderef_core7comment8detector16find_byte_or_end0B7_
FNDA:5,_RNCNvNtNtCs4uTHGotiiYn_12coderef_core7comment8detector16find_byte_or_ends_0B7_
FNDA:62,_RNCNvNtNtCs4uTHGotiiYn_12coderef_core7comment8detector16find_subsequence0B7_
FNF:38
FNH:38
DA:23,193
DA:24,193
DA:25,193
DA:30,3
DA:34,4
DA:35,3
DA:46,101
DA:47,101
DA:48,11
DA:49,90
DA:50,90
DA:51,90
DA:52,90
DA:53,628
DA:57,538
DA:58,5
DA:59,5
DA:60,5
DA:61,5
DA:62,5
DA:63,1
DA:65,4
DA:67,5
DA:68,5
DA:69,5
DA:70,5
DA:71,5
DA:72,5
DA:73,533
DA:76,533
DA:77,84
DA:78,84
DA:79,84
DA:80,84
DA:81,84
DA:82,84
DA:83,84
DA:84,84
DA:85,449
DA:91,449
DA:92,8
DA:93,8
DA:94,8
DA:95,8
DA:96,8
DA:97,8
DA:98,8
DA:99,8
DA:100,8
DA:101,441
DA:104,441
DA:106,90
DA:107,101
DA:111,982
DA:112,982
DA:113,2140
DA:114,1158
DA:115,1158
DA:116,1
DA:117,1
DA:118,92
DA:120,1065
DA:122,982
DA:123,982
DA:127,538
DA:128,538
DA:129,538
DA:130,538
DA:131,538
DA:132,538
DA:133,1020
DA:134,482
DA:135,482
DA:136,0
DA:137,0
DA:138,5
DA:140,477
DA:142,538
DA:143,538
DA:145,84
DA:146,84
DA:147,84
DA:148,1684
DA:149,84
DA:150,84
DA:152,5
DA:153,5
DA:154,0
DA:155,5
DA:156,5
DA:157,62
DA:158,5
DA:163,8
DA:164,8
DA:165,124
DA:166,124
DA:168,1
DA:169,1
DA:170,123
DA:171,123
DA:172,8
DA:173,115
DA:174,115
DA:176,0
DA:177,8
DA:179,556
DA:180,556
DA:181,556
DA:182,3
DA:183,1
DA:184,0
DA:185,0
DA:187,556
DA:194,17
DA:195,17
DA:196,17
DA:198,16
DA:199,16
DA:200,16
DA:201,21
DA:202,16
DA:203,16
DA:205,14
DA:206,14
DA:207,14
DA:212,1
DA:213,1
DA:214,1
DA:215,1
DA:216,1
DA:217,1
DA:220,1
DA:221,1
DA:222,1
DA:223,1
DA:224,1
DA:227,1
DA:228,1
DA:229,1
DA:230,1
DA:231,1
DA:232,1
DA:235,1
DA:236,1
DA:237,1
DA:238,1
DA:239,1
DA:242,1
DA:247,1
DA:248,1
DA:249,1
DA:250,1
DA:251,1
DA:254,1
DA:255,1
DA:256,1
DA:257,1
DA:258,1
DA:259,1
DA:262,1
DA:263,1
DA:264,1
DA:265,1
DA:266,1
DA:269,1
DA:270,1
DA:271,1
DA:272,1
DA:273,1
DA:274,1
DA:276,1
DA:277,1
DA:282,1
DA:283,1
DA:284,1
DA:285,1
DA:286,1
DA:287,1
DA:290,1
DA:291,1
DA:292,1
DA:293,1
DA:294,1
DA:295,1
DA:297,1
DA:300,1
DA:301,1
DA:302,1
DA:305,1
DA:306,1
DA:307,1
DA:309,1
DA:310,1
DA:315,1
DA:316,1
DA:317,1
DA:318,1
DA:319,1
DA:320,1
DA:323,1
DA:324,1
DA:325,1
DA:326,1
DA:327,1
DA:328,1
DA:338,1
DA:339,1
DA:340,1
DA:341,1
DA:342,1
DA:343,1
DA:346,1
DA:351,1
DA:352,1
DA:353,1
DA:354,1
DA:355,1
DA:360,1
DA:361,1
DA:362,1
DA:363,1
DA:364,1
DA:365,1
DA:366,1
DA:369,1
DA:370,1
DA:371,1
DA:372,1
DA:375,1
DA:376,1
DA:377,1
DA:378,1
DA:381,1
DA:382,1
DA:383,1
DA:388,1
DA:389,1
DA:390,1
DA:391,1
DA:392,1
DA:393,1
DA:395,1
DA:396,1
DA:399,1
DA:400,1
DA:401,1
DA:402,1
DA:403,1
DA:404,1
DA:405,1
DA:406,1
DA:407,1
DA:408,1
DA:411,1
BRF:0
BRH:0
LF:259
LH:253
end_of_record
SF:/home/runner/work/coderef/coderef/crates/coderef-core/src/comment/languages.rs
FN:94,_RNvNtNtCsih98jrV6R0C_12coderef_core7comment9languages22language_for_extension
FN:94,_RNvNtNtCs4uTHGotiiYn_12coderef_core7comment9languages22language_for_extension
FN:120,_RNvNtNtNtCs4uTHGotiiYn_12coderef_core7comment9languages5testss_32test_language_for_extension_rust
FN:126,_RNvNtNtNtCs4uTHGotiiYn_12coderef_core7comment9languages5testss_47test_language_for_extension_is_case_insensitive
FN:146,_RNvNtNtNtCs4uTHGotiiYn_12coderef_core7comment9languages5testss_47test_language_for_extension_yaml_uses_hash_only
FN:132,_RNvNtNtNtCs4uTHGotiiYn_12coderef_core7comment9languages5testss_48test_language_for_extension_unknown_returns_none
FN:153,_RNvNtNtNtCs4uTHGotiiYn_12coderef_core7comment9languages5testss_61test_language_for_extension_markdown_advertises_html_comments
FN:137,_RNvNtNtNtCs4uTHGotiiYn_12coderef_core7comment9languages5testss_65test_language_for_extension_python_has_triple_quote_strings_first
FNDA:79,_RNvNtNtCsih98jrV6R0C_12coderef_core7comment9languages22language_for_extension
FNDA:44,_RNvNtNtCs4uTHGotiiYn_12coderef_core7comment9languages22language_for_extension
FNDA:1,_RNvNtNtNtCs4uTHGotiiYn_12coderef_core7comment9languages5testss_32test_language_for_extension_rust
FNDA:1,_RNvNtNtNtCs4uTHGotiiYn_12coderef_core7comment9languages5testss_47test_language_for_extension_is_case_insensitive
FNDA:1,_RNvNtNtNtCs4uTHGotiiYn_12coderef_core7comment9languages5testss_47test_language_for_extension_yaml_uses_hash_only
FNDA:1,_RNvNtNtNtCs4uTHGotiiYn_12coderef_core7comment9languages5testss_48test_language_for_extension_unknown_returns_none
FNDA:1,_RNvNtNtNtCs4uTHGotiiYn_12coderef_core7comment9languages5testss_61test_language_for_extension_markdown_advertises_html_comments
FNDA:1,_RNvNtNtNtCs4uTHGotiiYn_12coderef_core7comment9languages5testss_65test_language_for_extension_python_has_triple_quote_strings_first
FNF:7
FNH:7
DA:94,123
DA:95,123
DA:96,123
DA:98,123
DA:99,122
DA:100,121
DA:101,121
DA:102,39
DA:103,17
DA:104,16
DA:105,16
DA:106,16
DA:107,14
DA:108,14
DA:109,14
DA:110,14
DA:111,2
DA:113,123
DA:120,1
DA:121,1
DA:122,1
DA:123,1
DA:126,1
DA:127,1
DA:128,1
DA:129,1
DA:132,1
DA:133,1
DA:134,1
DA:137,1
DA:138,1
DA:141,1
DA:142,1
DA:143,1
DA:146,1
DA:147,1
DA:148,1
DA:149,1
DA:150,1
DA:153,1
DA:157,1
DA:158,1
DA:159,1
BRF:0
BRH:0
LF:43
LH:43
end_of_record
SF:/home/runner/work/coderef/coderef/crates/coderef-core/src/comment/markdown.rs
FN:188,_RNCNvNtNtCsih98jrV6R0C_12coderef_core7comment8markdown13find_line_end0B7_
FN:198,_RNCNvNtNtCsih98jrV6R0C_12coderef_core7comment8markdown13is_blank_line0B7_
FN:346,_RNCNvNtNtCsih98jrV6R0C_12coderef_core7comment8markdown16find_subsequence0B7_
FN:211,_RNCNvNtNtCsih98jrV6R0C_12coderef_core7comment8markdown22is_indented_code_start0B7_
FN:85,_RNCNvNtNtCsih98jrV6R0C_12coderef_core7comment8markdown23detect_markdown_regions0B7_
FN:128,_RNCNvNtNtCsih98jrV6R0C_12coderef_core7comment8markdown28detect_indented_code_regions0B7_
FN:151,_RNCNvNtNtCsih98jrV6R0C_12coderef_core7comment8markdown28detect_indented_code_regionss_0B7_
FN:337,_RNvNtNtCsih98jrV6R0C_12coderef_core7comment8markdown11starts_with
FN:216,_RNvNtNtCsih98jrV6R0C_12coderef_core7comment8markdown13at_line_start
FN:187,_RNvNtNtCsih98jrV6R0C_12coderef_core7comment8markdown13find_line_end
FN:195,_RNvNtNtCsih98jrV6R0C_12coderef_core7comment8markdown13is_blank_line
FN:349,_RNvNtNtCsih98jrV6R0C_12coderef_core7comment8markdown13utf8_char_len
FN:307,_RNvNtNtCsih98jrV6R0C_12coderef_core7comment8markdown15count_backticks
FN:272,_RNvNtNtCsih98jrV6R0C_12coderef_core7comment8markdown16find_fence_close
FN:341,_RNvNtNtCsih98jrV6R0C_12coderef_core7comment8markdown16find_subsequence
FN:236,_RNvNtNtCsih98jrV6R0C_12coderef_core7comment8markdown16match_fence_open
FN:318,_RNvNtNtCsih98jrV6R0C_12coderef_core7comment8markdown22find_inline_code_close
FN:203,_RNvNtNtCsih98jrV6R0C_12coderef_core7comment8markdown22is_indented_code_start
FN:46,_RNvNtNtCsih98jrV6R0C_12coderef_core7comment8markdown23detect_markdown_regions
FN:118,_RNvNtNtCsih98jrV6R0C_12coderef_core7comment8markdown28detect_indented_code_regions
FN:366,_RNCNvNtNtNtCs4uTHGotiiYn_12coderef_core7comment8markdown5tests6slices0B9_
FN:602,_RNCNvNtNtNtCs4uTHGotiiYn_12coderef_core7comment8markdown5testss_64test_markdown_designdotmd_class_case_emits_each_region_correctly0B9_
FN:370,_RNvNtNtNtCs4uTHGotiiYn_12coderef_core7comment8markdown5tests5kinds
FN:363,_RNvNtNtNtCs4uTHGotiiYn_12coderef_core7comment8markdown5tests6slices
FN:490,_RNvNtNtNtCs4uTHGotiiYn_12coderef_core7comment8markdown5testss_43test_markdown_empty_input_yields_no_regions
FN:479,_RNvNtNtNtCs4uTHGotiiYn_12coderef_core7comment8markdown5testss_44test_markdown_multiple_html_comments_in_body
FN:383,_RNvNtNtNtCs4uTHGotiiYn_12coderef_core7comment8markdown5testss_52test_markdown_inline_code_classified_as_code_snippet
FN:412,_RNvNtNtNtCs4uTHGotiiYn_12coderef_core7comment8markdown5testss_52test_markdown_tilde_fence_classified_as_code_snippet
FN:393,_RNvNtNtNtCs4uTHGotiiYn_12coderef_core7comment8markdown5testss_53test_markdown_fenced_block_classified_as_code_snippet
FN:454,_RNvNtNtNtCs4uTHGotiiYn_12coderef_core7comment8markdown5testss_55test_markdown_unterminated_block_comment_extends_to_eof
FN:469,_RNvNtNtNtCs4uTHGotiiYn_12coderef_core7comment8markdown5testss_57test_markdown_leading_whitespace_before_fence_is_accepted
FN:555,_RNvNtNtNtCs4uTHGotiiYn_12coderef_core7comment8markdown5testss_59test_markdown_tab_indented_line_after_blank_is_a_code_block
FN:375,_RNvNtNtNtCs4uTHGotiiYn_12coderef_core7comment8markdown5testss_60test_markdown_html_block_comment_classified_as_block_comment
FN:527,_RNvNtNtNtCs4uTHGotiiYn_12coderef_core7comment8markdown5testss_60test_markdown_indented_code_block_at_doc_start_is_recognised
FN:574,_RNvNtNtNtCs4uTHGotiiYn_12coderef_core7comment8markdown5testss_63test_markdown_indented_block_doesnt_re_emit_inside_fenced_block
FN:498,_RNvNtNtNtCs4uTHGotiiYn_12coderef_core7comment8markdown5testss_63test_markdown_inline_code_with_reference_emits_one_code_snippet
FN:583,_RNvNtNtNtCs4uTHGotiiYn_12coderef_core7comment8markdown5testss_64test_markdown_designdotmd_class_case_emits_each_region_correctly
FN:462,_RNvNtNtNtCs4uTHGotiiYn_12coderef_core7comment8markdown5testss_66test_markdown_unterminated_fence_classified_as_code_snippet_to_eof
FN:443,_RNvNtNtNtCs4uTHGotiiYn_12coderef_core7comment8markdown5testss_68test_markdown_double_backtick_inline_code_classified_as_code_snippet
FN:422,_RNvNtNtNtCs4uTHGotiiYn_12coderef_core7comment8markdown5testss_69test_markdown_fence_with_info_string_still_classified_as_code_snippet
FN:564,_RNvNtNtNtCs4uTHGotiiYn_12coderef_core7comment8markdown5testss_69test_markdown_indented_block_followed_by_real_html_comment_emits_both
FN:432,_RNvNtNtNtCs4uTHGotiiYn_12coderef_core7comment8markdown5testss_69test_markdown_longer_fence_can_be_closed_only_by_at_least_same_length
FN:535,_RNvNtNtNtCs4uTHGotiiYn_12coderef_core7comment8markdown5testss_70test_markdown_indented_line_in_middle_of_paragraph_is_not_a_code_block
FN:401,_RNvNtNtNtCs4uTHGotiiYn_12coderef_core7comment8markdown5testss_71test_markdown_fenced_block_then_real_html_comment_classified_separately
FN:544,_RNvNtNtNtCs4uTHGotiiYn_12coderef_core7comment8markdown5testss_76test_markdown_indented_code_block_extends_through_consecutive_indented_lines
FN:513,_RNvNtNtNtCs4uTHGotiiYn_12coderef_core7comment8markdown5testss_77test_markdown_indented_code_block_after_blank_line_classified_as_code_snippet
FN:337,_RNvNtNtCs4uTHGotiiYn_12coderef_core7comment8markdown11starts_with
FN:216,_RNvNtNtCs4uTHGotiiYn_12coderef_core7comment8markdown13at_line_start
FN:187,_RNvNtNtCs4uTHGotiiYn_12coderef_core7comment8markdown13find_line_end
FN:195,_RNvNtNtCs4uTHGotiiYn_12coderef_core7comment8markdown13is_blank_line
FN:349,_RNvNtNtCs4uTHGotiiYn_12coderef_core7comment8markdown13utf8_char_len
FN:307,_RNvNtNtCs4uTHGotiiYn_12coderef_core7comment8markdown15count_backticks
FN:272,_RNvNtNtCs4uTHGotiiYn_12coderef_core7comment8markdown16find_fence_close
FN:341,_RNvNtNtCs4uTHGotiiYn_12coderef_core7comment8markdown16find_subsequence
FN:236,_RNvNtNtCs4uTHGotiiYn_12coderef_core7comment8markdown16match_fence_open
FN:318,_RNvNtNtCs4uTHGotiiYn_12coderef_core7comment8markdown22find_inline_code_close
FN:203,_RNvNtNtCs4uTHGotiiYn_12coderef_core7comment8markdown22is_indented_code_start
FN:46,_RNvNtNtCs4uTHGotiiYn_12coderef_core7comment8markdown23detect_markdown_regions
FN:118,_RNvNtNtCs4uTHGotiiYn_12coderef_core7comment8markdown28detect_indented_code_regions
FN:188,_RNCNvNtNtCs4uTHGotiiYn_12coderef_core7comment8markdown13find_line_end0B7_
FN:198,_RNCNvNtNtCs4uTHGotiiYn_12coderef_core7comment8markdown13is_blank_line0B7_
FN:346,_RNCNvNtNtCs4uTHGotiiYn_12coderef_core7comment8markdown16find_subsequence0B7_
FN:211,_RNCNvNtNtCs4uTHGotiiYn_12coderef_core7comment8markdown22is_indented_code_start0B7_
FN:85,_RNCNvNtNtCs4uTHGotiiYn_12coderef_core7comment8markdown23detect_markdown_regions0B7_
FN:128,_RNCNvNtNtCs4uTHGotiiYn_12coderef_core7comment8markdown28detect_indented_code_regions0B7_
FN:151,_RNCNvNtNtCs4uTHGotiiYn_12coderef_core7comment8markdown28detect_indented_code_regionss_0B7_
FNDA:150,_RNCNvNtNtCsih98jrV6R0C_12coderef_core7comment8markdown13find_line_end0B7_
FNDA:17,_RNCNvNtNtCsih98jrV6R0C_12coderef_core7comment8markdown13is_blank_line0B7_
FNDA:0,_RNCNvNtNtCsih98jrV6R0C_12coderef_core7comment8markdown16find_subsequence0B7_
FNDA:13,_RNCNvNtNtCsih98jrV6R0C_12coderef_core7comment8markdown22is_indented_code_start0B7_
FNDA:0,_RNCNvNtNtCsih98jrV6R0C_12coderef_core7comment8markdown23detect_markdown_regions0B7_
FNDA:0,_RNCNvNtNtCsih98jrV6R0C_12coderef_core7comment8markdown28detect_indented_code_regions0B7_
FNDA:0,_RNCNvNtNtCsih98jrV6R0C_12coderef_core7comment8markdown28detect_indented_code_regionss_0B7_
FNDA:150,_RNvNtNtCsih98jrV6R0C_12coderef_core7comment8markdown11starts_with
FNDA:150,_RNvNtNtCsih98jrV6R0C_12coderef_core7comment8markdown13at_line_start
FNDA:17,_RNvNtNtCsih98jrV6R0C_12coderef_core7comment8markdown13find_line_end
FNDA:17,_RNvNtNtCsih98jrV6R0C_12coderef_core7comment8markdown13is_blank_line
FNDA:150,_RNvNtNtCsih98jrV6R0C_12coderef_core7comment8markdown13utf8_char_len
FNDA:0,_RNvNtNtCsih98jrV6R0C_12coderef_core7comment8markdown15count_backticks
FNDA:0,_RNvNtNtCsih98jrV6R0C_12coderef_core7comment8markdown16find_fence_close
FNDA:0,_RNvNtNtCsih98jrV6R0C_12coderef_core7comment8markdown16find_subsequence
FNDA:17,_RNvNtNtCsih98jrV6R0C_12coderef_core7comment8markdown16match_fence_open
FNDA:0,_RNvNtNtCsih98jrV6R0C_12coderef_core7comment8markdown22find_inline_code_close
FNDA:13,_RNvNtNtCsih98jrV6R0C_12coderef_core7comment8markdown22is_indented_code_start
FNDA:9,_RNvNtNtCsih98jrV6R0C_12coderef_core7comment8markdown23detect_markdown_regions
FNDA:9,_RNvNtNtCsih98jrV6R0C_12coderef_core7comment8markdown28detect_indented_code_regions
FNDA:16,_RNCNvNtNtNtCs4uTHGotiiYn_12coderef_core7comment8markdown5tests6slices0B9_
FNDA:2,_RNCNvNtNtNtCs4uTHGotiiYn_12coderef_core7comment8markdown5testss_64test_markdown_designdotmd_class_case_emits_each_region_correctly0B9_
FNDA:20,_RNvNtNtNtCs4uTHGotiiYn_12coderef_core7comment8markdown5tests5kinds
FNDA:12,_RNvNtNtNtCs4uTHGotiiYn_12coderef_core7comment8markdown5tests6slices
FNDA:1,_RNvNtNtNtCs4uTHGotiiYn_12coderef_core7comment8markdown5testss_43test_markdown_empty_input_yields_no_regions
FNDA:1,_RNvNtNtNtCs4uTHGotiiYn_12coderef_core7comment8markdown5testss_44test_markdown_multiple_html_comments_in_body
FNDA:1,_RNvNtNtNtCs4uTHGotiiYn_12coderef_core7comment8markdown5testss_52test_markdown_inline_code_classified_as_code_snippet
FNDA:1,_RNvNtNtNtCs4uTHGotiiYn_12coderef_core7comment8markdown5testss_52test_markdown_tilde_fence_classified_as_code_snippet
FNDA:1,_RNvNtNtNtCs4uTHGotiiYn_12coderef_core7comment8markdown5testss_53test_markdown_fenced_block_classified_as_code_snippet
FNDA:1,_RNvNtNtNtCs4uTHGotiiYn_12coderef_core7comment8markdown5testss_55test_markdown_unterminated_block_comment_extends_to_eof
FNDA:1,_RNvNtNtNtCs4uTHGotiiYn_12coderef_core7comment8markdown5testss_57test_markdown_leading_whitespace_before_fence_is_accepted
FNDA:1,_RNvNtNtNtCs4uTHGotiiYn_12coderef_core7comment8markdown5testss_59test_markdown_tab_indented_line_after_blank_is_a_code_block
FNDA:1,_RNvNtNtNtCs4uTHGotiiYn_12coderef_core7comment8markdown5testss_60test_markdown_html_block_comment_classified_as_block_comment
FNDA:1,_RNvNtNtNtCs4uTHGotiiYn_12coderef_core7comment8markdown5testss_60test_markdown_indented_code_block_at_doc_start_is_recognised
FNDA:1,_RNvNtNtNtCs4uTHGotiiYn_12coderef_core7comment8markdown5testss_63test_markdown_indented_block_doesnt_re_emit_inside_fenced_block
FNDA:1,_RNvNtNtNtCs4uTHGotiiYn_12coderef_core7comment8markdown5testss_63test_markdown_inline_code_with_reference_emits_one_code_snippet
FNDA:1,_RNvNtNtNtCs4uTHGotiiYn_12coderef_core7comment8markdown5testss_64test_markdown_designdotmd_class_case_emits_each_region_correctly
FNDA:1,_RNvNtNtNtCs4uTHGotiiYn_12coderef_core7comment8markdown5testss_66test_markdown_unterminated_fence_classified_as_code_snippet_to_eof
FNDA:1,_RNvNtNtNtCs4uTHGotiiYn_12coderef_core7comment8markdown5testss_68test_markdown_double_backtick_inline_code_classified_as_code_snippet
FNDA:1,_RNvNtNtNtCs4uTHGotiiYn_12coderef_core7comment8markdown5testss_69test_markdown_fence_with_info_string_still_classified_as_code_snippet
FNDA:1,_RNvNtNtNtCs4uTHGotiiYn_12coderef_core7comment8markdown5testss_69test_markdown_indented_block_followed_by_real_html_comment_emits_both
FNDA:1,_RNvNtNtNtCs4uTHGotiiYn_12coderef_core7comment8markdown5testss_69test_markdown_longer_fence_can_be_closed_only_by_at_least_same_length
FNDA:1,_RNvNtNtNtCs4uTHGotiiYn_12coderef_core7comment8markdown5testss_70test_markdown_indented_line_in_middle_of_paragraph_is_not_a_code_block
FNDA:1,_RNvNtNtNtCs4uTHGotiiYn_12coderef_core7comment8markdown5testss_71test_markdown_fenced_block_then_real_html_comment_classified_separately
FNDA:1,_RNvNtNtNtCs4uTHGotiiYn_12coderef_core7comment8markdown5testss_76test_markdown_indented_code_block_extends_through_consecutive_indented_lines
FNDA:1,_RNvNtNtNtCs4uTHGotiiYn_12coderef_core7comment8markdown5testss_77test_markdown_indented_code_block_after_blank_line_classified_as_code_snippet
FNDA:497,_RNvNtNtCs4uTHGotiiYn_12coderef_core7comment8markdown11starts_with
FNDA:511,_RNvNtNtCs4uTHGotiiYn_12coderef_core7comment8markdown13at_line_start
FNDA:93,_RNvNtNtCs4uTHGotiiYn_12coderef_core7comment8markdown13find_line_end
FNDA:58,_RNvNtNtCs4uTHGotiiYn_12coderef_core7comment8markdown13is_blank_line
FNDA:485,_RNvNtNtCs4uTHGotiiYn_12coderef_core7comment8markdown13utf8_char_len
FNDA:6,_RNvNtNtCs4uTHGotiiYn_12coderef_core7comment8markdown15count_backticks
FNDA:8,_RNvNtNtCs4uTHGotiiYn_12coderef_core7comment8markdown16find_fence_close
FNDA:12,_RNvNtNtCs4uTHGotiiYn_12coderef_core7comment8markdown16find_subsequence
FNDA:101,_RNvNtNtCs4uTHGotiiYn_12coderef_core7comment8markdown16match_fence_open
FNDA:6,_RNvNtNtCs4uTHGotiiYn_12coderef_core7comment8markdown22find_inline_code_close
FNDA:35,_RNvNtNtCs4uTHGotiiYn_12coderef_core7comment8markdown22is_indented_code_start
FNDA:24,_RNvNtNtCs4uTHGotiiYn_12coderef_core7comment8markdown23detect_markdown_regions
FNDA:24,_RNvNtNtCs4uTHGotiiYn_12coderef_core7comment8markdown28detect_indented_code_regions
FNDA:972,_RNCNvNtNtCs4uTHGotiiYn_12coderef_core7comment8markdown13find_line_end0B7_
FNDA:91,_RNCNvNtNtCs4uTHGotiiYn_12coderef_core7comment8markdown13is_blank_line0B7_
FNDA:90,_RNCNvNtNtCs4uTHGotiiYn_12coderef_core7comment8markdown16find_subsequence0B7_
FNDA:55,_RNCNvNtNtCs4uTHGotiiYn_12coderef_core7comment8markdown22is_indented_code_start0B7_
FNDA:11,_RNCNvNtNtCs4uTHGotiiYn_12coderef_core7comment8markdown23detect_markdown_regions0B7_
FNDA:76,_RNCNvNtNtCs4uTHGotiiYn_12coderef_core7comment8markdown28detect_indented_code_regions0B7_
FNDA:2,_RNCNvNtNtCs4uTHGotiiYn_12coderef_core7comment8markdown28detect_indented_code_regionss_0B7_
FNF:46
FNH:46
DA:46,33
DA:47,33
DA:48,33
DA:49,33
DA:50,33
DA:52,694
DA:55,661
DA:56,118
DA:57,8
DA:58,8
DA:59,8
DA:60,8
DA:61,8
DA:62,8
DA:63,8
DA:64,8
DA:65,110
DA:66,543
DA:69,653
DA:70,6
DA:71,6
DA:72,6
DA:73,6
DA:74,6
DA:75,6
DA:76,6
DA:77,6
DA:78,6
DA:79,647
DA:82,647
DA:83,12
DA:84,12
DA:85,12
DA:86,12
DA:87,12
DA:88,12
DA:89,12
DA:90,12
DA:91,12
DA:92,12
DA:93,12
DA:94,12
DA:95,635
DA:97,635
DA:108,33
DA:109,5
DA:110,5
DA:111,33
DA:112,33
DA:113,33
DA:118,33
DA:119,33
DA:120,33
DA:121,33
DA:122,33
DA:123,33
DA:124,33
DA:125,33
DA:126,131
DA:127,98
DA:128,98
DA:129,98
DA:130,35
DA:131,35
DA:132,35
DA:133,63
DA:134,63
DA:135,63
DA:136,17
DA:137,17
DA:138,17
DA:139,46
DA:140,46
DA:141,5
DA:145,5
DA:146,5
DA:147,5
DA:148,12
DA:149,12
DA:150,12
DA:151,12
DA:152,12
DA:153,1
DA:154,11
DA:155,11
DA:156,4
DA:157,4
DA:158,4
DA:159,7
DA:160,7
DA:161,3
DA:162,3
DA:163,3
DA:164,3
DA:165,4
DA:166,4
DA:169,5
DA:170,5
DA:171,5
DA:172,5
DA:173,5
DA:174,5
DA:175,5
DA:176,5
DA:177,5
DA:178,5
DA:179,5
DA:180,41
DA:181,41
DA:182,41
DA:184,33
DA:185,33
DA:187,110
DA:188,1122
DA:189,110
DA:190,82
DA:191,28
DA:193,110
DA:195,75
DA:196,75
DA:197,75
DA:198,108
DA:199,75
DA:203,48
DA:204,48
DA:205,0
DA:206,48
DA:207,48
DA:208,1
DA:209,47
DA:210,47
DA:211,68
DA:212,48
DA:216,661
DA:217,661
DA:218,812
DA:219,776
DA:220,776
DA:221,82
DA:222,694
DA:223,694
DA:224,151
DA:225,151
DA:226,543
DA:227,543
DA:229,36
DA:230,661
DA:236,118
DA:238,118
DA:239,201
DA:240,83
DA:241,83
DA:242,118
DA:243,0
DA:244,118
DA:245,118
DA:246,118
DA:247,110
DA:248,8
DA:249,8
DA:250,33
DA:251,25
DA:252,25
DA:253,8
DA:254,8
DA:255,0
DA:256,8
DA:258,8
DA:259,12
DA:260,4
DA:261,4
DA:262,8
DA:263,8
DA:264,8
DA:265,8
DA:266,118
DA:272,8
DA:273,8
DA:274,17
DA:275,16
DA:277,22
DA:278,6
DA:279,6
DA:280,16
DA:281,38
DA:282,22
DA:283,22
DA:284,16
DA:286,7
DA:287,7
DA:288,0
DA:289,0
DA:290,7
DA:291,7
DA:292,7
DA:293,7
DA:294,9
DA:296,167
DA:297,158
DA:298,158
DA:299,9
DA:300,8
DA:301,8
DA:303,1
DA:304,8
DA:307,6
DA:308,6
DA:309,13
DA:310,7
DA:311,7
DA:312,6
DA:313,6
DA:318,6
DA:319,6
DA:320,48
DA:321,48
DA:322,40
DA:323,40
DA:324,8
DA:325,8
DA:326,17
DA:327,9
DA:328,9
DA:329,8
DA:330,6
DA:331,2
DA:334,0
DA:335,6
DA:337,647
DA:338,647
DA:339,647
DA:341,12
DA:342,12
DA:343,0
DA:344,12
DA:345,12
DA:346,90
DA:347,12
DA:349,635
DA:350,635
DA:351,635
DA:352,0
DA:353,0
DA:354,0
DA:355,0
DA:357,635
DA:363,12
DA:364,12
DA:365,12
DA:366,16
DA:367,12
DA:368,12
DA:370,20
DA:371,20
DA:372,20
DA:375,1
DA:376,1
DA:377,1
DA:378,1
DA:379,1
DA:380,1
DA:383,1
DA:384,1
DA:385,1
DA:388,1
DA:389,1
DA:390,1
DA:393,1
DA:394,1
DA:395,1
DA:396,1
DA:397,1
DA:398,1
DA:401,1
DA:402,1
DA:403,1
DA:404,1
DA:405,1
DA:406,1
DA:408,1
DA:409,1
DA:412,1
DA:413,1
DA:414,1
DA:415,1
DA:416,1
DA:417,1
DA:419,1
DA:422,1
DA:423,1
DA:424,1
DA:425,1
DA:426,1
DA:427,1
DA:429,1
DA:432,1
DA:433,1
DA:434,1
DA:435,1
DA:436,1
DA:437,1
DA:439,1
DA:440,1
DA:443,1
DA:444,1
DA:445,1
DA:446,1
DA:447,1
DA:448,1
DA:450,1
DA:451,1
DA:454,1
DA:455,1
DA:456,1
DA:457,1
DA:458,1
DA:459,1
DA:462,1
DA:463,1
DA:464,1
DA:465,1
DA:466,1
DA:469,1
DA:470,1
DA:471,1
DA:472,1
DA:473,1
DA:474,1
DA:476,1
DA:479,1
DA:480,1
DA:481,1
DA:482,1
DA:483,1
DA:484,1
DA:485,1
DA:487,1
DA:490,1
DA:491,1
DA:492,1
DA:493,1
DA:498,1
DA:503,1
DA:504,1
DA:505,1
DA:506,1
DA:507,1
DA:508,1
DA:513,1
DA:516,1
DA:517,1
DA:518,1
DA:519,1
DA:520,1
DA:521,0
DA:522,0
DA:524,1
DA:527,1
DA:529,1
DA:530,1
DA:531,1
DA:532,1
DA:535,1
DA:538,1
DA:539,1
DA:540,1
DA:541,1
DA:544,1
DA:545,1
DA:546,1
DA:547,1
DA:548,1
DA:549,1
DA:550,1
DA:551,1
DA:552,1
DA:555,1
DA:557,1
DA:558,1
DA:559,1
DA:560,1
DA:561,1
DA:564,1
DA:565,1
DA:566,1
DA:567,1
DA:568,1
DA:569,1
DA:571,1
DA:574,1
DA:577,1
DA:578,1
DA:579,1
DA:580,1
DA:583,1
DA:587,1
DA:588,1
DA:589,1
DA:590,1
DA:591,1
DA:592,1
DA:593,1
DA:594,1
DA:595,1
DA:596,1
DA:597,1
DA:600,1
DA:601,1
DA:602,2
DA:603,0
DA:605,1
BRF:0
BRH:0
LF:420
LH:406
end_of_record
SF:/home/runner/work/coderef/coderef/crates/coderef-core/src/comment/region.rs
FN:44,_RNvMNtNtCsih98jrV6R0C_12coderef_core7comment6regionNtB2_10RegionKind15is_comment_like
FN:63,_RNvNtNtCsih98jrV6R0C_12coderef_core7comment6region14region_kind_at
FN:73,_RNvNtNtCsih98jrV6R0C_12coderef_core7comment6region18is_in_comment_like
FN:66,_RNCNvNtNtCsih98jrV6R0C_12coderef_core7comment6region14region_kind_at0B7_
FN:81,_RNvNtNtNtCs4uTHGotiiYn_12coderef_core7comment6region5tests2cr
FN:127,_RNvNtNtNtCs4uTHGotiiYn_12coderef_core7comment6region5testss_41test_region_kind_serializes_as_kebab_case
FN:99,_RNvNtNtNtCs4uTHGotiiYn_12coderef_core7comment6region5testss_45test_region_kind_at_returns_none_when_outside
FN:89,_RNvNtNtNtCs4uTHGotiiYn_12coderef_core7comment6region5testss_46test_region_kind_at_returns_kind_when_in_range
FN:105,_RNvNtNtNtCs4uTHGotiiYn_12coderef_core7comment6region5testss_49test_is_in_comment_like_true_for_every_known_kind
FN:121,_RNvNtNtNtCs4uTHGotiiYn_12coderef_core7comment6region5testss_53test_is_in_comment_like_false_when_outside_any_region
FN:66,_RNCNvNtNtCs4uTHGotiiYn_12coderef_core7comment6region14region_kind_at0B7_
FN:44,_RNvMNtNtCs4uTHGotiiYn_12coderef_core7comment6regionNtB2_10RegionKind15is_comment_like
FN:63,_RNvNtNtCs4uTHGotiiYn_12coderef_core7comment6region14region_kind_at
FN:73,_RNvNtNtCs4uTHGotiiYn_12coderef_core7comment6region18is_in_comment_like
FNDA:69,_RNvMNtNtCsih98jrV6R0C_12coderef_core7comment6regionNtB2_10RegionKind15is_comment_like
FNDA:69,_RNvNtNtCsih98jrV6R0C_12coderef_core7comment6region14region_kind_at
FNDA:69,_RNvNtNtCsih98jrV6R0C_12coderef_core7comment6region18is_in_comment_like
FNDA:79,_RNCNvNtNtCsih98jrV6R0C_12coderef_core7comment6region14region_kind_at0B7_
FNDA:8,_RNvNtNtNtCs4uTHGotiiYn_12coderef_core7comment6region5tests2cr
FNDA:1,_RNvNtNtNtCs4uTHGotiiYn_12coderef_core7comment6region5testss_41test_region_kind_serializes_as_kebab_case
FNDA:1,_RNvNtNtNtCs4uTHGotiiYn_12coderef_core7comment6region5testss_45test_region_kind_at_returns_none_when_outside
FNDA:1,_RNvNtNtNtCs4uTHGotiiYn_12coderef_core7comment6region5testss_46test_region_kind_at_returns_kind_when_in_range
FNDA:1,_RNvNtNtNtCs4uTHGotiiYn_12coderef_core7comment6region5testss_49test_is_in_comment_like_true_for_every_known_kind
FNDA:1,_RNvNtNtNtCs4uTHGotiiYn_12coderef_core7comment6region5testss_53test_is_in_comment_like_false_when_outside_any_region
FNDA:26,_RNCNvNtNtCs4uTHGotiiYn_12coderef_core7comment6region14region_kind_at0B7_
FNDA:18,_RNvMNtNtCs4uTHGotiiYn_12coderef_core7comment6regionNtB2_10RegionKind15is_comment_like
FNDA:35,_RNvNtNtCs4uTHGotiiYn_12coderef_core7comment6region14region_kind_at
FNDA:32,_RNvNtNtCs4uTHGotiiYn_12coderef_core7comment6region18is_in_comment_like
FNF:10
FNH:10
DA:44,87
DA:45,0
DA:46,87
DA:49,87
DA:63,104
DA:64,104
DA:65,104
DA:66,105
DA:67,104
DA:68,104
DA:73,101
DA:74,101
DA:75,101
DA:81,8
DA:82,8
DA:83,8
DA:84,8
DA:85,8
DA:86,8
DA:89,1
DA:90,1
DA:91,1
DA:92,1
DA:94,1
DA:95,1
DA:96,1
DA:99,1
DA:100,1
DA:101,1
DA:102,1
DA:105,1
DA:106,4
DA:107,1
DA:108,1
DA:109,1
DA:110,1
DA:112,4
DA:113,4
DA:114,4
DA:115,0
DA:118,1
DA:121,1
DA:122,1
DA:123,1
DA:124,1
DA:127,1
DA:128,1
DA:129,1
DA:132,1
DA:133,1
DA:136,1
DA:137,1
DA:140,1
DA:141,1
DA:144,1
BRF:0
BRH:0
LF:56
LH:54
end_of_record
SF:/home/runner/work/coderef/coderef/crates/coderef-core/src/commit_msg.rs
FN:45,_RNvMNtCsih98jrV6R0C_12coderef_core10commit_msgNtB2_15CommitMsgReport6passed
FN:90,_RNvNtCsih98jrV6R0C_12coderef_core10commit_msg20check_commit_message
FN:70,_RNvNtCsih98jrV6R0C_12coderef_core10commit_msg21strip_commit_comments
FN:136,_RNCNvNtCsih98jrV6R0C_12coderef_core10commit_msg20check_commit_message0B5_
FN:136,_RNCNvNtCs4uTHGotiiYn_12coderef_core10commit_msg20check_commit_message0B5_
FN:45,_RNvMNtCs4uTHGotiiYn_12coderef_core10commit_msgNtB2_15CommitMsgReport6passed
FN:90,_RNvNtCs4uTHGotiiYn_12coderef_core10commit_msg20check_commit_message
FN:70,_RNvNtCs4uTHGotiiYn_12coderef_core10commit_msg21strip_commit_comments
FN:190,_RNvNtNtCs4uTHGotiiYn_12coderef_core10commit_msg5tests3cfg
FN:218,_RNvNtNtCs4uTHGotiiYn_12coderef_core10commit_msg5testss_40test_effective_scope_url_default_is_scan
FN:239,_RNvNtNtCs4uTHGotiiYn_12coderef_core10commit_msg5testss_42test_effective_scope_block_default_is_skip
FN:228,_RNvNtNtCs4uTHGotiiYn_12coderef_core10commit_msg5testss_42test_effective_scope_local_default_is_scan
FN:202,_RNvNtNtCs4uTHGotiiYn_12coderef_core10commit_msg5testss_48test_strip_commit_comments_preserves_inline_hash
FN:195,_RNvNtNtCs4uTHGotiiYn_12coderef_core10commit_msg5testss_51test_strip_commit_comments_drops_leading_hash_lines
FN:209,_RNvNtNtCs4uTHGotiiYn_12coderef_core10commit_msg5testss_52test_strip_commit_comments_drops_indented_hash_lines
FN:249,_RNvNtNtCs4uTHGotiiYn_12coderef_core10commit_msg5testss_55test_effective_scope_explicit_required_takes_precedence
FN:271,_RNvNtNtCs4uTHGotiiYn_12coderef_core10commit_msg5testss_56test_check_commit_message_required_pattern_missing_fails
FN:343,_RNvNtNtCs4uTHGotiiYn_12coderef_core10commit_msg5testss_57test_check_commit_message_strips_git_comments_before_scan
FN:286,_RNvNtNtCs4uTHGotiiYn_12coderef_core10commit_msg5testss_58test_check_commit_message_required_pattern_present_passes_
FN:260,_RNvNtNtCs4uTHGotiiYn_12coderef_core10commit_msg5testss_58test_effective_scope_explicit_false_overrides_kind_default
FN:325,_RNvNtNtCs4uTHGotiiYn_12coderef_core10commit_msg5testss_61test_check_commit_message_ifchange_default_skip_does_not_lint
FNDA:0,_RNvMNtCsih98jrV6R0C_12coderef_core10commit_msgNtB2_15CommitMsgReport6passed
FNDA:0,_RNvNtCsih98jrV6R0C_12coderef_core10commit_msg20check_commit_message
FNDA:0,_RNvNtCsih98jrV6R0C_12coderef_core10commit_msg21strip_commit_comments
FNDA:0,_RNCNvNtCsih98jrV6R0C_12coderef_core10commit_msg20check_commit_message0B5_
FNDA:1,_RNCNvNtCs4uTHGotiiYn_12coderef_core10commit_msg20check_commit_message0B5_
FNDA:4,_RNvMNtCs4uTHGotiiYn_12coderef_core10commit_msgNtB2_15CommitMsgReport6passed
FNDA:4,_RNvNtCs4uTHGotiiYn_12coderef_core10commit_msg20check_commit_message
FNDA:7,_RNvNtCs4uTHGotiiYn_12coderef_core10commit_msg21strip_commit_comments
FNDA:9,_RNvNtNtCs4uTHGotiiYn_12coderef_core10commit_msg5tests3cfg
FNDA:1,_RNvNtNtCs4uTHGotiiYn_12coderef_core10commit_msg5testss_40test_effective_scope_url_default_is_scan
FNDA:1,_RNvNtNtCs4uTHGotiiYn_12coderef_core10commit_msg5testss_42test_effective_scope_block_default_is_skip
FNDA:1,_RNvNtNtCs4uTHGotiiYn_12coderef_core10commit_msg5testss_42test_effective_scope_local_default_is_scan
FNDA:1,_RNvNtNtCs4uTHGotiiYn_12coderef_core10commit_msg5testss_48test_strip_commit_comments_preserves_inline_hash
FNDA:1,_RNvNtNtCs4uTHGotiiYn_12coderef_core10commit_msg5testss_51test_strip_commit_comments_drops_leading_hash_lines
FNDA:1,_RNvNtNtCs4uTHGotiiYn_12coderef_core10commit_msg5testss_52test_strip_commit_comments_drops_indented_hash_lines
FNDA:1,_RNvNtNtCs4uTHGotiiYn_12coderef_core10commit_msg5testss_55test_effective_scope_explicit_required_takes_precedence
FNDA:1,_RNvNtNtCs4uTHGotiiYn_12coderef_core10commit_msg5testss_56test_check_commit_message_required_pattern_missing_fails
FNDA:1,_RNvNtNtCs4uTHGotiiYn_12coderef_core10commit_msg5testss_57test_check_commit_message_strips_git_comments_before_scan
FNDA:1,_RNvNtNtCs4uTHGotiiYn_12coderef_core10commit_msg5testss_58test_check_commit_message_required_pattern_present_passes_
FNDA:1,_RNvNtNtCs4uTHGotiiYn_12coderef_core10commit_msg5testss_58test_effective_scope_explicit_false_overrides_kind_default
FNDA:1,_RNvNtNtCs4uTHGotiiYn_12coderef_core10commit_msg5testss_61test_check_commit_message_ifchange_default_skip_does_not_lint
FNF:17
FNH:17
DA:45,4
DA:46,4
DA:47,4
DA:70,7
DA:71,7
DA:72,17
DA:75,17
DA:76,17
DA:77,4
DA:78,13
DA:79,13
DA:81,7
DA:82,7
DA:90,4
DA:91,4
DA:92,4
DA:93,4
DA:94,4
DA:96,4
DA:99,4
DA:100,4
DA:101,8
DA:102,4
DA:103,1
DA:104,3
DA:105,3
DA:106,3
DA:107,0
DA:112,3
DA:113,0
DA:115,3
DA:124,4
DA:125,4
DA:126,4
DA:127,4
DA:128,4
DA:129,4
DA:130,4
DA:131,4
DA:135,4
DA:136,4
DA:139,4
DA:140,4
DA:141,4
DA:142,4
DA:143,5
DA:144,1
DA:145,1
DA:146,1
DA:147,0
DA:148,0
DA:150,1
DA:155,4
DA:156,7
DA:157,3
DA:158,2
DA:159,2
DA:160,2
DA:161,2
DA:162,2
DA:165,4
DA:166,4
DA:167,4
DA:168,4
DA:169,4
DA:170,4
DA:171,4
DA:172,4
DA:173,4
DA:174,4
DA:190,9
DA:191,9
DA:192,9
DA:195,1
DA:196,1
DA:197,1
DA:198,1
DA:199,1
DA:202,1
DA:203,1
DA:204,1
DA:205,1
DA:206,1
DA:209,1
DA:212,1
DA:213,1
DA:214,1
DA:215,1
DA:218,1
DA:219,1
DA:220,1
DA:221,1
DA:222,1
DA:223,1
DA:224,1
DA:225,1
DA:228,1
DA:229,1
DA:230,1
DA:231,1
DA:232,1
DA:233,1
DA:234,1
DA:235,1
DA:236,1
DA:239,1
DA:240,1
DA:241,1
DA:242,1
DA:243,1
DA:244,1
DA:245,1
DA:246,1
DA:249,1
DA:250,1
DA:251,1
DA:252,1
DA:253,1
DA:254,1
DA:255,1
DA:256,1
DA:257,1
DA:260,1
DA:261,1
DA:262,1
DA:263,1
DA:264,1
DA:265,1
DA:266,1
DA:267,1
DA:268,1
DA:271,1
DA:272,1
DA:273,1
DA:274,1
DA:275,1
DA:276,1
DA:277,1
DA:278,1
DA:279,1
DA:280,1
DA:281,1
DA:282,1
DA:283,1
DA:286,1
DA:297,1
DA:298,1
DA:299,1
DA:300,1
DA:301,1
DA:302,1
DA:303,1
DA:304,1
DA:305,1
DA:306,1
DA:307,1
DA:308,1
DA:309,1
DA:310,1
DA:311,1
DA:312,1
DA:313,1
DA:314,1
DA:315,1
DA:316,1
DA:317,1
DA:318,1
DA:319,1
DA:320,1
DA:321,1
DA:322,1
[...]
FNDA:415,_RNvNtNtCs4uTHGotiiYn_12coderef_core9variables6syntax13utf8_char_len
FNDA:83,_RNvNtNtCs4uTHGotiiYn_12coderef_core9variables6syntax14parse_segments
FNDA:56,_RNvNtNtCs4uTHGotiiYn_12coderef_core9variables6syntax19parse_variable_body
FNDA:7,_RNvNtNtNtCs4uTHGotiiYn_12coderef_core9variables6syntax5tests3lit
FNDA:8,_RNvNtNtNtCs4uTHGotiiYn_12coderef_core9variables6syntax5tests3var
FNDA:1,_RNvNtNtNtCs4uTHGotiiYn_12coderef_core9variables6syntax5testss_28test_parse_empty_name_errors
FNDA:1,_RNvNtNtNtCs4uTHGotiiYn_12coderef_core9variables6syntax5testss_33test_parse_empty_namespace_errors
FNDA:1,_RNvNtNtNtCs4uTHGotiiYn_12coderef_core9variables6syntax5testss_37test_parse_unclosed_expression_errors
FNDA:1,_RNvNtNtNtCs4uTHGotiiYn_12coderef_core9variables6syntax5testss_38test_parse_bare_variable_extracts_name
FNDA:1,_RNvNtNtNtCs4uTHGotiiYn_12coderef_core9variables6syntax5testss_42test_parse_empty_string_yields_no_segments
FNDA:1,_RNvNtNtNtCs4uTHGotiiYn_12coderef_core9variables6syntax5testss_43test_parse_plain_text_yields_single_literal
FNDA:1,_RNvNtNtNtCs4uTHGotiiYn_12coderef_core9variables6syntax5testss_44test_parse_empty_name_after_namespace_errors
FNDA:1,_RNvNtNtNtCs4uTHGotiiYn_12coderef_core9variables6syntax5testss_44test_parse_namespaced_variable_extracts_both
FNDA:1,_RNvNtNtNtCs4uTHGotiiYn_12coderef_core9variables6syntax5testss_44test_parse_whitespace_around_name_is_trimmed
FNDA:1,_RNvNtNtNtCs4uTHGotiiYn_12coderef_core9variables6syntax5testss_45test_parse_literal_then_variable_then_literal
FNDA:1,_RNvNtNtNtCs4uTHGotiiYn_12coderef_core9variables6syntax5testss_45test_parse_multiple_variables_split_correctly
FNDA:1,_RNvNtNtNtCs4uTHGotiiYn_12coderef_core9variables6syntax5testss_49test_parse_whitespace_around_namespace_is_trimmed
FNDA:1,_RNvNtNtNtCs4uTHGotiiYn_12coderef_core9variables6syntax5testss_50test_parse_dollar_followed_by_non_brace_is_literal
FNDA:1,_RNvNtNtNtCs4uTHGotiiYn_12coderef_core9variables6syntax5testss_53test_parse_escape_double_dollar_yields_literal_dollar
FNDA:1,_RNvNtNtNtCs4uTHGotiiYn_12coderef_core9variables6syntax5testss_54test_parse_handles_multibyte_utf8_between_placeholders
FNF:20
FNH:20
DA:42,180
DA:43,180
DA:44,180
DA:45,180
DA:46,180
DA:47,1750
DA:48,1575
DA:49,1575
DA:53,2
DA:54,2
DA:55,2
DA:56,1573
DA:57,1573
DA:59,136
DA:60,93
DA:61,93
DA:62,136
DA:63,136
DA:64,136
DA:65,136
DA:66,136
DA:67,134
DA:68,134
DA:69,131
DA:70,131
DA:71,131
DA:72,1437
DA:75,1437
DA:76,1437
DA:77,1437
DA:78,1437
DA:80,175
DA:81,68
DA:82,107
DA:83,175
DA:84,180
DA:86,134
DA:87,134
DA:88,134
DA:89,1
DA:90,133
DA:91,133
DA:92,133
DA:93,111
DA:94,111
DA:95,0
DA:97,111
DA:100,22
DA:101,22
DA:102,22
DA:103,22
DA:104,1
DA:105,1
DA:106,1
DA:107,1
DA:108,21
DA:109,1
DA:111,20
DA:114,0
DA:116,134
DA:118,1437
DA:119,1437
DA:120,1437
DA:121,1
DA:122,0
DA:123,0
DA:124,0
DA:126,1437
DA:132,7
DA:133,7
DA:134,7
DA:135,8
DA:136,8
DA:137,8
DA:138,8
DA:139,8
DA:140,8
DA:143,1
DA:144,1
DA:145,1
DA:146,1
DA:149,1
DA:150,1
DA:151,1
DA:152,1
DA:155,1
DA:156,1
DA:157,1
DA:158,1
DA:161,1
DA:162,1
DA:163,1
DA:164,1
DA:167,1
DA:168,1
DA:169,1
DA:170,1
DA:173,1
DA:174,1
DA:175,1
DA:176,1
DA:179,1
DA:181,1
DA:182,1
DA:183,1
DA:186,1
DA:187,1
DA:188,1
DA:189,1
DA:192,1
DA:193,1
DA:194,1
DA:195,1
DA:198,1
DA:199,1
DA:200,1
DA:201,1
DA:204,1
DA:205,1
DA:206,1
DA:207,1
DA:210,1
DA:211,1
DA:212,1
DA:213,1
DA:216,1
DA:217,1
DA:218,1
DA:219,1
DA:222,1
DA:223,1
DA:224,1
DA:225,1
DA:228,1
DA:229,1
DA:230,1
DA:231,1
BRF:0
BRH:0
LF:137
LH:132
end_of_record
SF:/home/runner/work/coderef/coderef/crates/coderef-core/src/verify/http.rs
FN:42,_RNCNvNtNtCsih98jrV6R0C_12coderef_core6verify4http11verify_http0B7_
FN:83,_RNvNtNtCsih98jrV6R0C_12coderef_core6verify4http11build_agent
FN:19,_RNvNtNtCsih98jrV6R0C_12coderef_core6verify4http11verify_http
FN:70,_RNvNtNtCsih98jrV6R0C_12coderef_core6verify4http15classify_status
FN:53,_RNvNtNtCsih98jrV6R0C_12coderef_core6verify4http8try_once
FN:42,_RNCNvNtNtCs4uTHGotiiYn_12coderef_core6verify4http11verify_http0B7_
FN:108,_RNCNvNtNtNtCs4uTHGotiiYn_12coderef_core6verify4http5tests10spawn_mock0B9_
FN:174,_RNCNvNtNtNtCs4uTHGotiiYn_12coderef_core6verify4http5testss_44test_http_405_falls_back_to_get_and_succeeds0B9_
FN:103,_RNvNtNtNtCs4uTHGotiiYn_12coderef_core6verify4http5tests10spawn_mock
FN:134,_RNvNtNtNtCs4uTHGotiiYn_12coderef_core6verify4http5tests13opts_for_port
FN:147,_RNvNtNtNtCs4uTHGotiiYn_12coderef_core6verify4http5testss_19test_http_200_is_ok
FN:155,_RNvNtNtNtCs4uTHGotiiYn_12coderef_core6verify4http5testss_30test_http_404_is_broken_status
FN:163,_RNvNtNtNtCs4uTHGotiiYn_12coderef_core6verify4http5testss_30test_http_500_is_broken_status
FN:220,_RNvNtNtNtCs4uTHGotiiYn_12coderef_core6verify4http5testss_39test_http_invalid_url_is_broken_network
FN:171,_RNvNtNtNtCs4uTHGotiiYn_12coderef_core6verify4http5testss_44test_http_405_falls_back_to_get_and_succeeds
FN:209,_RNvNtNtNtCs4uTHGotiiYn_12coderef_core6verify4http5testss_46test_http_connection_refused_is_broken_network
FN:198,_RNvNtNtNtCs4uTHGotiiYn_12coderef_core6verify4http5testss_52test_http_custom_accept_status_overrides_default_2xx
FN:226,_RNvNtNtNtCs4uTHGotiiYn_12coderef_core6verify4http5testss_53test_http_retries_transport_errors_up_to_max_attempts
FN:83,_RNvNtNtCs4uTHGotiiYn_12coderef_core6verify4http11build_agent
FN:19,_RNvNtNtCs4uTHGotiiYn_12coderef_core6verify4http11verify_http
FN:70,_RNvNtNtCs4uTHGotiiYn_12coderef_core6verify4http15classify_status
FN:53,_RNvNtNtCs4uTHGotiiYn_12coderef_core6verify4http8try_once
FNDA:0,_RNCNvNtNtCsih98jrV6R0C_12coderef_core6verify4http11verify_http0B7_
FNDA:0,_RNvNtNtCsih98jrV6R0C_12coderef_core6verify4http11build_agent
FNDA:0,_RNvNtNtCsih98jrV6R0C_12coderef_core6verify4http11verify_http
FNDA:0,_RNvNtNtCsih98jrV6R0C_12coderef_core6verify4http15classify_status
FNDA:0,_RNvNtNtCsih98jrV6R0C_12coderef_core6verify4http8try_once
FNDA:0,_RNCNvNtNtCs4uTHGotiiYn_12coderef_core6verify4http11verify_http0B7_
FNDA:4,_RNCNvNtNtNtCs4uTHGotiiYn_12coderef_core6verify4http5tests10spawn_mock0B9_
FNDA:1,_RNCNvNtNtNtCs4uTHGotiiYn_12coderef_core6verify4http5testss_44test_http_405_falls_back_to_get_and_succeeds0B9_
FNDA:4,_RNvNtNtNtCs4uTHGotiiYn_12coderef_core6verify4http5tests10spawn_mock
FNDA:7,_RNvNtNtNtCs4uTHGotiiYn_12coderef_core6verify4http5tests13opts_for_port
FNDA:1,_RNvNtNtNtCs4uTHGotiiYn_12coderef_core6verify4http5testss_19test_http_200_is_ok
FNDA:1,_RNvNtNtNtCs4uTHGotiiYn_12coderef_core6verify4http5testss_30test_http_404_is_broken_status
FNDA:1,_RNvNtNtNtCs4uTHGotiiYn_12coderef_core6verify4http5testss_30test_http_500_is_broken_status
FNDA:1,_RNvNtNtNtCs4uTHGotiiYn_12coderef_core6verify4http5testss_39test_http_invalid_url_is_broken_network
FNDA:1,_RNvNtNtNtCs4uTHGotiiYn_12coderef_core6verify4http5testss_44test_http_405_falls_back_to_get_and_succeeds
FNDA:1,_RNvNtNtNtCs4uTHGotiiYn_12coderef_core6verify4http5testss_46test_http_connection_refused_is_broken_network
FNDA:1,_RNvNtNtNtCs4uTHGotiiYn_12coderef_core6verify4http5testss_52test_http_custom_accept_status_overrides_default_2xx
FNDA:1,_RNvNtNtNtCs4uTHGotiiYn_12coderef_core6verify4http5testss_53test_http_retries_transport_errors_up_to_max_attempts
FNDA:8,_RNvNtNtCs4uTHGotiiYn_12coderef_core6verify4http11build_agent
FNDA:8,_RNvNtNtCs4uTHGotiiYn_12coderef_core6verify4http11verify_http
FNDA:5,_RNvNtNtCs4uTHGotiiYn_12coderef_core6verify4http15classify_status
FNDA:10,_RNvNtNtCs4uTHGotiiYn_12coderef_core6verify4http8try_once
FNF:17
FNH:16
DA:19,8
DA:20,8
DA:22,8
DA:23,8
DA:25,10
DA:26,10
DA:27,2
DA:28,8
DA:30,10
DA:31,5
DA:32,5
DA:34,5
DA:35,5
DA:36,5
DA:41,3
DA:42,3
DA:44,8
DA:53,10
DA:55,10
DA:56,1
DA:59,1
DA:60,1
DA:61,0
DA:62,0
DA:65,3
DA:66,5
DA:68,10
DA:70,5
DA:71,5
DA:72,4
DA:74,1
DA:76,5
DA:77,3
DA:79,2
DA:81,5
DA:83,8
DA:84,8
DA:85,8
DA:86,8
DA:87,8
DA:88,8
DA:89,8
DA:103,4
DA:104,4
DA:105,4
DA:106,4
DA:107,4
DA:108,4
DA:109,4
DA:110,4
DA:111,4
DA:115,4
DA:116,4
DA:117,4
DA:118,1
DA:119,1
DA:120,0
DA:121,1
DA:122,1
DA:124,4
DA:125,4
DA:126,4
DA:128,4
DA:130,4
DA:131,4
DA:132,4
DA:134,7
DA:135,7
DA:136,7
DA:137,7
DA:138,7
DA:139,7
DA:140,7
DA:141,7
DA:142,7
DA:143,7
DA:144,7
DA:147,1
DA:148,1
DA:149,1
DA:150,1
DA:151,1
DA:152,1
DA:155,1
DA:156,1
DA:157,1
DA:158,1
DA:159,1
DA:160,1
DA:163,1
DA:164,1
DA:165,1
DA:166,1
DA:167,1
DA:168,1
DA:171,1
DA:172,1
DA:173,1
DA:174,1
DA:175,1
DA:176,2
DA:177,2
DA:178,2
DA:179,2
DA:180,2
DA:181,2
DA:183,2
DA:184,1
DA:185,1
DA:187,1
DA:189,2
DA:191,1
DA:192,1
DA:193,1
DA:194,1
DA:195,1
DA:198,1
DA:199,1
DA:200,1
DA:201,1
DA:202,1
DA:203,1
DA:204,1
DA:205,1
DA:206,1
DA:209,1
DA:211,1
DA:212,1
DA:213,1
DA:214,1
DA:215,1
DA:216,1
DA:217,1
DA:220,1
DA:221,1
DA:222,1
DA:223,1
DA:226,1
DA:230,1
DA:231,1
DA:232,1
DA:233,1
DA:234,1
DA:235,1
DA:236,1
DA:237,1
DA:238,1
DA:239,1
DA:240,1
DA:241,1
DA:242,1
DA:243,1
DA:244,1
DA:245,1
DA:246,1
DA:247,1
DA:249,1
DA:250,1
DA:251,1
BRF:0
BRH:0
LF:162
LH:158
end_of_record
SF:/home/runner/work/coderef/coderef/crates/coderef-core/src/verify/local.rs
FN:14,_RNvNtNtCsih98jrV6R0C_12coderef_core6verify5local12verify_local
FN:33,_RNCNvNtNtCsih98jrV6R0C_12coderef_core6verify5local12verify_local0B7_
FN:14,_RNvNtNtCs4uTHGotiiYn_12coderef_core6verify5local12verify_local
FN:55,_RNvNtNtNtCs4uTHGotiiYn_12coderef_core6verify5local5tests6tmpdir
FN:106,_RNvNtNtNtCs4uTHGotiiYn_12coderef_core6verify5local5testss_34test_local_with_anchor_match_is_ok
FN:98,_RNvNtNtNtCs4uTHGotiiYn_12coderef_core6verify5local5testss_35test_local_existing_directory_is_ok
FN:69,_RNvNtNtNtCs4uTHGotiiYn_12coderef_core6verify5local5testss_39test_local_existing_relative_path_is_ok
FN:86,_RNvNtNtNtCs4uTHGotiiYn_12coderef_core6verify5local5testss_55test_local_missing_path_is_not_found_with_resolved_path
FN:77,_RNvNtNtNtCs4uTHGotiiYn_12coderef_core6verify5local5testss_58test_local_existing_leading_slash_path_resolves_under_root
FN:133,_RNvNtNtNtCs4uTHGotiiYn_12coderef_core6verify5local5testss_59test_local_with_empty_anchor_after_hash_treats_as_no_anchor
FN:143,_RNvNtNtNtCs4uTHGotiiYn_12coderef_core6verify5local5testss_61test_local_with_anchor_on_non_markdown_file_is_ok_via_skipped
FN:117,_RNvNtNtNtCs4uTHGotiiYn_12coderef_core6verify5local5testss_68test_local_with_anchor_miss_returns_anchor_not_found_with_suggestion
FN:153,_RNvNtNtNtCs4uTHGotiiYn_12coderef_core6verify5local5testss_73test_local_with_anchor_on_missing_file_returns_not_found_not_anchor_error
FN:33,_RNCNvNtNtCs4uTHGotiiYn_12coderef_core6verify5local12verify_local0B7_
FNDA:7,_RNvNtNtCsih98jrV6R0C_12coderef_core6verify5local12verify_local
FNDA:3,_RNCNvNtNtCsih98jrV6R0C_12coderef_core6verify5local12verify_local0B7_
FNDA:12,_RNvNtNtCs4uTHGotiiYn_12coderef_core6verify5local12verify_local
FNDA:9,_RNvNtNtNtCs4uTHGotiiYn_12coderef_core6verify5local5tests6tmpdir
FNDA:1,_RNvNtNtNtCs4uTHGotiiYn_12coderef_core6verify5local5testss_34test_local_with_anchor_match_is_ok
FNDA:1,_RNvNtNtNtCs4uTHGotiiYn_12coderef_core6verify5local5testss_35test_local_existing_directory_is_ok
FNDA:1,_RNvNtNtNtCs4uTHGotiiYn_12coderef_core6verify5local5testss_39test_local_existing_relative_path_is_ok
FNDA:1,_RNvNtNtNtCs4uTHGotiiYn_12coderef_core6verify5local5testss_55test_local_missing_path_is_not_found_with_resolved_path
FNDA:1,_RNvNtNtNtCs4uTHGotiiYn_12coderef_core6verify5local5testss_58test_local_existing_leading_slash_path_resolves_under_root
FNDA:1,_RNvNtNtNtCs4uTHGotiiYn_12coderef_core6verify5local5testss_59test_local_with_empty_anchor_after_hash_treats_as_no_anchor
FNDA:1,_RNvNtNtNtCs4uTHGotiiYn_12coderef_core6verify5local5testss_61test_local_with_anchor_on_non_markdown_file_is_ok_via_skipped
FNDA:1,_RNvNtNtNtCs4uTHGotiiYn_12coderef_core6verify5local5testss_68test_local_with_anchor_miss_returns_anchor_not_found_with_suggestion
FNDA:1,_RNvNtNtNtCs4uTHGotiiYn_12coderef_core6verify5local5testss_73test_local_with_anchor_on_missing_file_returns_not_found_not_anchor_error
FNDA:4,_RNCNvNtNtCs4uTHGotiiYn_12coderef_core6verify5local12verify_local0B7_
FNF:12
FNH:12
DA:14,19
DA:19,19
DA:20,8
DA:21,11
DA:24,19
DA:25,19
DA:26,4
DA:27,4
DA:28,4
DA:29,15
DA:33,15
DA:34,10
DA:37,5
DA:38,3
DA:40,2
DA:42,2
DA:43,2
DA:44,2
DA:45,2
DA:46,2
DA:48,19
DA:55,9
DA:56,9
DA:57,9
DA:58,9
DA:59,9
DA:60,9
DA:61,9
DA:62,9
DA:63,9
DA:64,9
DA:65,9
DA:66,9
DA:69,1
DA:70,1
DA:71,1
DA:72,1
DA:73,1
DA:74,1
DA:77,1
DA:78,1
DA:79,1
DA:80,1
DA:81,1
DA:82,1
DA:83,1
DA:86,1
DA:87,1
DA:88,1
DA:89,1
DA:90,1
DA:92,0
DA:94,1
DA:95,1
DA:98,1
DA:99,1
DA:100,1
DA:101,1
DA:102,1
DA:103,1
DA:106,1
DA:107,1
DA:108,1
DA:109,1
DA:110,1
DA:113,1
DA:114,1
DA:117,1
DA:118,1
DA:119,1
DA:120,1
DA:122,1
DA:124,1
DA:125,1
DA:127,0
DA:129,1
DA:130,1
DA:133,1
DA:136,1
DA:137,1
DA:138,1
DA:139,1
DA:140,1
DA:143,1
DA:146,1
DA:147,1
DA:148,1
DA:149,1
DA:150,1
DA:153,1
DA:156,1
DA:157,1
DA:158,1
DA:159,0
DA:161,1
DA:162,1
BRF:0
BRH:0
LF:97
LH:94
end_of_record
SF:/home/runner/work/coderef/coderef/crates/coderef-core/src/verify/mod.rs
FN:69,_RNvMNtCsih98jrV6R0C_12coderef_core6verifyNtB2_13VerifyOutcome10is_failure
FN:63,_RNvMNtCsih98jrV6R0C_12coderef_core6verifyNtB2_13VerifyOutcome10is_skipped
FN:57,_RNvMNtCsih98jrV6R0C_12coderef_core6verifyNtB2_13VerifyOutcome5is_ok
FN:129,_RNvMs1_NtCsih98jrV6R0C_12coderef_core6verifyNtB5_14BackoffOptions9delay_for
FN:149,_RNvNtCsih98jrV6R0C_12coderef_core6verify16verify_reference
FN:180,_RNvNtCsih98jrV6R0C_12coderef_core6verify20join_under_workspace
FN:115,_RNvXs0_NtCsih98jrV6R0C_12coderef_core6verifyNtB5_14BackoffOptionsNtNtCs5GmCzIpY9Qj_4core7default7Default7default
FN:91,_RNvXs_NtCsih98jrV6R0C_12coderef_core6verifyNtB4_13VerifyOptionsNtNtCs5GmCzIpY9Qj_4core7default7Default7default
FN:96,_RNCNvXs_NtCsih98jrV6R0C_12coderef_core6verifyNtB6_13VerifyOptionsNtNtCs5GmCzIpY9Qj_4core7default7Default7default0B8_
FN:69,_RNvMNtCs4uTHGotiiYn_12coderef_core6verifyNtB2_13VerifyOutcome10is_failure
FN:63,_RNvMNtCs4uTHGotiiYn_12coderef_core6verifyNtB2_13VerifyOutcome10is_skipped
FN:57,_RNvMNtCs4uTHGotiiYn_12coderef_core6verifyNtB2_13VerifyOutcome5is_ok
FN:129,_RNvMs1_NtCs4uTHGotiiYn_12coderef_core6verifyNtB5_14BackoffOptions9delay_for
FN:149,_RNvNtCs4uTHGotiiYn_12coderef_core6verify16verify_reference
FN:180,_RNvNtCs4uTHGotiiYn_12coderef_core6verify20join_under_workspace
FN:115,_RNvXs0_NtCs4uTHGotiiYn_12coderef_core6verifyNtB5_14BackoffOptionsNtNtCs5GmCzIpY9Qj_4core7default7Default7default
FN:91,_RNvXs_NtCs4uTHGotiiYn_12coderef_core6verifyNtB4_13VerifyOptionsNtNtCs5GmCzIpY9Qj_4core7default7Default7default
FN:221,_RNvNtNtCs4uTHGotiiYn_12coderef_core6verify5testss_32test_backoff_delay_capped_at_max
FN:319,_RNvNtNtCs4uTHGotiiYn_12coderef_core6verify5testss_36test_verify_skipped_for_command_kind
FN:207,_RNvNtNtCs4uTHGotiiYn_12coderef_core6verify5testss_37test_backoff_delay_grows_with_attempt
FN:190,_RNvNtNtCs4uTHGotiiYn_12coderef_core6verify5testss_37test_verify_outcome_is_ok_only_for_ok
FN:264,_RNvNtNtCs4uTHGotiiYn_12coderef_core6verify5testss_37test_verify_skipped_for_ifchange_kind
FN:309,_RNvNtNtCs4uTHGotiiYn_12coderef_core6verify5testss_43test_verify_outcome_block_marker_is_failure
FN:244,_RNvNtNtCs4uTHGotiiYn_12coderef_core6verify5testss_45test_join_under_workspace_relative_path_joins
FN:234,_RNvNtNtCs4uTHGotiiYn_12coderef_core6verify5testss_46test_verify_outcome_serializes_as_kebab_tagged
FN:198,_RNvNtNtCs4uTHGotiiYn_12coderef_core6verify5testss_54test_verify_outcome_is_failure_excludes_ok_and_skipped
FN:284,_RNvNtNtCs4uTHGotiiYn_12coderef_core6verify5testss_61test_verify_block_kind_returns_block_marker_with_matched_text
FN:253,_RNvNtNtCs4uTHGotiiYn_12coderef_core6verify5testss_65test_join_under_workspace_leading_slash_treated_as_workspace_root
FN:96,_RNCNvXs_NtCs4uTHGotiiYn_12coderef_core6verifyNtB6_13VerifyOptionsNtNtCs5GmCzIpY9Qj_4core7default7Default7default0B8_
FNDA:0,_RNvMNtCsih98jrV6R0C_12coderef_core6verifyNtB2_13VerifyOutcome10is_failure
FNDA:0,_RNvMNtCsih98jrV6R0C_12coderef_core6verifyNtB2_13VerifyOutcome10is_skipped
FNDA:0,_RNvMNtCsih98jrV6R0C_12coderef_core6verifyNtB2_13VerifyOutcome5is_ok
FNDA:0,_RNvMs1_NtCsih98jrV6R0C_12coderef_core6verifyNtB5_14BackoffOptions9delay_for
FNDA:8,_RNvNtCsih98jrV6R0C_12coderef_core6verify16verify_reference
FNDA:7,_RNvNtCsih98jrV6R0C_12coderef_core6verify20join_under_workspace
FNDA:8,_RNvXs0_NtCsih98jrV6R0C_12coderef_core6verifyNtB5_14BackoffOptionsNtNtCs5GmCzIpY9Qj_4core7default7Default7default
FNDA:8,_RNvXs_NtCsih98jrV6R0C_12coderef_core6verifyNtB4_13VerifyOptionsNtNtCs5GmCzIpY9Qj_4core7default7Default7default
FNDA:0,_RNCNvXs_NtCsih98jrV6R0C_12coderef_core6verifyNtB6_13VerifyOptionsNtNtCs5GmCzIpY9Qj_4core7default7Default7default0B8_
FNDA:6,_RNvMNtCs4uTHGotiiYn_12coderef_core6verifyNtB2_13VerifyOutcome10is_failure
FNDA:6,_RNvMNtCs4uTHGotiiYn_12coderef_core6verifyNtB2_13VerifyOutcome10is_skipped
FNDA:11,_RNvMNtCs4uTHGotiiYn_12coderef_core6verifyNtB2_13VerifyOutcome5is_ok
FNDA:9,_RNvMs1_NtCs4uTHGotiiYn_12coderef_core6verifyNtB5_14BackoffOptions9delay_for
FNDA:8,_RNvNtCs4uTHGotiiYn_12coderef_core6verify16verify_reference
FNDA:14,_RNvNtCs4uTHGotiiYn_12coderef_core6verify20join_under_workspace
FNDA:18,_RNvXs0_NtCs4uTHGotiiYn_12coderef_core6verifyNtB5_14BackoffOptionsNtNtCs5GmCzIpY9Qj_4core7default7Default7default
FNDA:11,_RNvXs_NtCs4uTHGotiiYn_12coderef_core6verifyNtB4_13VerifyOptionsNtNtCs5GmCzIpY9Qj_4core7default7Default7default
FNDA:1,_RNvNtNtCs4uTHGotiiYn_12coderef_core6verify5testss_32test_backoff_delay_capped_at_max
FNDA:1,_RNvNtNtCs4uTHGotiiYn_12coderef_core6verify5testss_36test_verify_skipped_for_command_kind
FNDA:1,_RNvNtNtCs4uTHGotiiYn_12coderef_core6verify5testss_37test_backoff_delay_grows_with_attempt
FNDA:1,_RNvNtNtCs4uTHGotiiYn_12coderef_core6verify5testss_37test_verify_outcome_is_ok_only_for_ok
FNDA:1,_RNvNtNtCs4uTHGotiiYn_12coderef_core6verify5testss_37test_verify_skipped_for_ifchange_kind
FNDA:1,_RNvNtNtCs4uTHGotiiYn_12coderef_core6verify5testss_43test_verify_outcome_block_marker_is_failure
FNDA:1,_RNvNtNtCs4uTHGotiiYn_12coderef_core6verify5testss_45test_join_under_workspace_relative_path_joins
FNDA:1,_RNvNtNtCs4uTHGotiiYn_12coderef_core6verify5testss_46test_verify_outcome_serializes_as_kebab_tagged
FNDA:1,_RNvNtNtCs4uTHGotiiYn_12coderef_core6verify5testss_54test_verify_outcome_is_failure_excludes_ok_and_skipped
FNDA:1,_RNvNtNtCs4uTHGotiiYn_12coderef_core6verify5testss_61test_verify_block_kind_returns_block_marker_with_matched_text
FNDA:1,_RNvNtNtCs4uTHGotiiYn_12coderef_core6verify5testss_65test_join_under_workspace_leading_slash_treated_as_workspace_root
FNDA:0,_RNCNvXs_NtCs4uTHGotiiYn_12coderef_core6verifyNtB6_13VerifyOptionsNtNtCs5GmCzIpY9Qj_4core7default7Default7default0B8_
FNF:20
FNH:19
DA:57,11
DA:58,11
DA:59,11
DA:63,6
DA:64,6
DA:65,6
DA:69,6
DA:70,6
DA:71,6
DA:91,19
DA:93,19
DA:94,19
DA:95,19
DA:96,19
DA:98,19
DA:115,26
DA:116,26
DA:117,26
DA:118,26
DA:119,26
DA:120,26
DA:121,26
DA:122,26
DA:129,9
DA:136,9
DA:137,9
DA:138,9
DA:139,9
DA:141,9
DA:149,16
DA:150,16
DA:151,0
DA:152,10
DA:153,3
DA:154,3
DA:155,3
DA:156,2
DA:157,2
DA:158,2
DA:159,1
DA:160,1
DA:161,1
DA:163,16
DA:180,21
DA:181,21
DA:182,21
DA:183,21
DA:190,1
DA:191,1
DA:192,1
DA:193,1
DA:194,1
DA:195,1
DA:198,1
DA:199,1
DA:200,1
DA:201,1
DA:202,1
DA:203,1
DA:204,1
DA:207,1
DA:208,1
DA:209,1
DA:210,1
DA:211,1
DA:212,1
DA:213,1
DA:214,1
DA:215,1
DA:216,1
DA:217,1
DA:218,1
DA:221,1
DA:222,1
DA:223,1
DA:224,1
DA:225,1
DA:226,1
DA:227,1
DA:228,1
DA:229,1
DA:230,1
DA:231,1
DA:234,1
DA:235,1
DA:236,1
DA:238,1
DA:239,1
DA:240,1
DA:241,1
DA:244,1
DA:245,1
DA:246,1
DA:247,1
DA:248,1
DA:250,1
DA:253,1
DA:254,1
DA:257,1
DA:258,1
DA:259,1
DA:261,1
DA:264,1
DA:265,1
DA:266,1
DA:267,1
DA:268,1
DA:269,1
DA:270,1
DA:271,1
DA:272,1
DA:273,1
DA:274,1
DA:275,1
DA:276,1
DA:277,1
DA:278,1
DA:279,1
DA:280,1
DA:281,1
DA:284,1
DA:285,1
DA:286,1
DA:287,1
DA:288,1
DA:289,1
DA:290,1
DA:291,1
DA:292,1
DA:293,1
DA:294,1
DA:295,1
DA:296,1
DA:297,1
DA:298,1
DA:299,1
DA:300,1
DA:301,1
DA:302,1
DA:304,0
DA:306,1
DA:309,1
DA:310,1
DA:311,1
DA:312,1
DA:313,1
DA:314,1
DA:315,1
DA:316,1
DA:319,1
DA:320,1
DA:321,1
DA:322,1
DA:323,1
DA:324,1
DA:325,1
DA:326,1
DA:327,1
DA:328,1
DA:329,1
DA:330,1
DA:331,1
DA:332,1
DA:333,1
DA:334,1
DA:335,1
DA:336,1
BRF:0
BRH:0
LF:168
LH:165
end_of_record